Analysis & Synthesis report for jtag_value_LED
Mon May 23 13:00:01 2016
Quartus Prime Version 15.1.0 Build 185 10/21/2015 SJ Lite Edition


---------------------
; Table of Contents ;
---------------------
  1. Legal Notice
  2. Analysis & Synthesis Summary
  3. Analysis & Synthesis Settings
  4. Parallel Compilation
  5. Analysis & Synthesis Source Files Read
  6. Analysis & Synthesis Resource Usage Summary
  7. Analysis & Synthesis Resource Utilization by Entity
  8. Analysis & Synthesis IP Cores Summary
  9. General Register Statistics
 10. Inverted Register Statistics
 11. Multiplexer Restructuring Statistics (Restructuring Performed)
 12. Parameter Settings for User Entity Instance: jtag_test:test1|myjtag:myjtag_inst|sld_virtual_jtag:sld_virtual_jtag_component
 13. Port Connectivity Checks: "jtag_test:test1|myjtag:myjtag_inst"
 14. Port Connectivity Checks: "jtag_test:test1"
 15. Virtual JTAG Settings
 16. Post-Synthesis Netlist Statistics for Top Partition
 17. Post-Synthesis Netlist Statistics for Partition sld_hub:auto_hub
 18. Elapsed Time Per Partition
 19. Analysis & Synthesis Messages



----------------
; Legal Notice ;
----------------
Copyright (C) 1991-2015 Altera Corporation. All rights reserved.
Your use of Altera Corporation's design tools, logic functions 
and other software and tools, and its AMPP partner logic 
functions, and any output files from any of the foregoing 
(including device programming or simulation files), and any 
associated documentation or information are expressly subject 
to the terms and conditions of the Altera Program License 
Subscription Agreement, the Altera Quartus Prime License Agreement,
the Altera MegaCore Function License Agreement, or other 
applicable license agreement, including, without limitation, 
that your use is for the sole purpose of programming logic 
devices manufactured by Altera and sold by Altera or its 
authorized distributors.  Please refer to the applicable 
agreement for further details.



+----------------------------------------------------------------------------------+
; Analysis & Synthesis Summary                                                     ;
+------------------------------------+---------------------------------------------+
; Analysis & Synthesis Status        ; Successful - Mon May 23 13:00:01 2016       ;
; Quartus Prime Version              ; 15.1.0 Build 185 10/21/2015 SJ Lite Edition ;
; Revision Name                      ; jtag_value_LED                              ;
; Top-level Entity Name              ; jtag_value_LED                              ;
; Family                             ; Cyclone IV E                                ;
; Total logic elements               ; 172                                         ;
;     Total combinational functions  ; 137                                         ;
;     Dedicated logic registers      ; 101                                         ;
; Total registers                    ; 101                                         ;
; Total pins                         ; 34                                          ;
; Total virtual pins                 ; 0                                           ;
; Total memory bits                  ; 0                                           ;
; Embedded Multiplier 9-bit elements ; 0                                           ;
; Total PLLs                         ; 0                                           ;
+------------------------------------+---------------------------------------------+


+----------------------------------------------------------------------------------------------------------------------+
; Analysis & Synthesis Settings                                                                                        ;
+----------------------------------------------------------------------------+--------------------+--------------------+
; Option                                                                     ; Setting            ; Default Value      ;
+----------------------------------------------------------------------------+--------------------+--------------------+
; Device                                                                     ; EP4CE115F29C7      ;                    ;
; Top-level entity name                                                      ; jtag_value_LED     ; jtag_value_LED     ;
; Family name                                                                ; Cyclone IV E       ; Cyclone V          ;
; Use smart compilation                                                      ; Off                ; Off                ;
; Enable parallel Assembler and TimeQuest Timing Analyzer during compilation ; On                 ; On                 ;
; Enable compact report table                                                ; Off                ; Off                ;
; Restructure Multiplexers                                                   ; Auto               ; Auto               ;
; Create Debugging Nodes for IP Cores                                        ; Off                ; Off                ;
; Preserve fewer node names                                                  ; On                 ; On                 ;
; Disable OpenCore Plus hardware evaluation                                  ; Off                ; Off                ;
; Verilog Version                                                            ; Verilog_2001       ; Verilog_2001       ;
; VHDL Version                                                               ; VHDL_1993          ; VHDL_1993          ;
; State Machine Processing                                                   ; Auto               ; Auto               ;
; Safe State Machine                                                         ; Off                ; Off                ;
; Extract Verilog State Machines                                             ; On                 ; On                 ;
; Extract VHDL State Machines                                                ; On                 ; On                 ;
; Ignore Verilog initial constructs                                          ; Off                ; Off                ;
; Iteration limit for constant Verilog loops                                 ; 5000               ; 5000               ;
; Iteration limit for non-constant Verilog loops                             ; 250                ; 250                ;
; Add Pass-Through Logic to Inferred RAMs                                    ; On                 ; On                 ;
; Infer RAMs from Raw Logic                                                  ; On                 ; On                 ;
; Parallel Synthesis                                                         ; On                 ; On                 ;
; DSP Block Balancing                                                        ; Auto               ; Auto               ;
; NOT Gate Push-Back                                                         ; On                 ; On                 ;
; Power-Up Don't Care                                                        ; On                 ; On                 ;
; Remove Redundant Logic Cells                                               ; Off                ; Off                ;
; Remove Duplicate Registers                                                 ; On                 ; On                 ;
; Ignore CARRY Buffers                                                       ; Off                ; Off                ;
; Ignore CASCADE Buffers                                                     ; Off                ; Off                ;
; Ignore GLOBAL Buffers                                                      ; Off                ; Off                ;
; Ignore ROW GLOBAL Buffers                                                  ; Off                ; Off                ;
; Ignore LCELL Buffers                                                       ; Off                ; Off                ;
; Ignore SOFT Buffers                                                        ; On                 ; On                 ;
; Limit AHDL Integers to 32 Bits                                             ; Off                ; Off                ;
; Optimization Technique                                                     ; Balanced           ; Balanced           ;
; Carry Chain Length                                                         ; 70                 ; 70                 ;
; Auto Carry Chains                                                          ; On                 ; On                 ;
; Auto Open-Drain Pins                                                       ; On                 ; On                 ;
; Perform WYSIWYG Primitive Resynthesis                                      ; Off                ; Off                ;
; Auto ROM Replacement                                                       ; On                 ; On                 ;
; Auto RAM Replacement                                                       ; On                 ; On                 ;
; Auto DSP Block Replacement                                                 ; On                 ; On                 ;
; Auto Shift Register Replacement                                            ; Auto               ; Auto               ;
; Allow Shift Register Merging across Hierarchies                            ; Auto               ; Auto               ;
; Auto Clock Enable Replacement                                              ; On                 ; On                 ;
; Strict RAM Replacement                                                     ; Off                ; Off                ;
; Allow Synchronous Control Signals                                          ; On                 ; On                 ;
; Force Use of Synchronous Clear Signals                                     ; Off                ; Off                ;
; Auto RAM Block Balancing                                                   ; On                 ; On                 ;
; Auto RAM to Logic Cell Conversion                                          ; Off                ; Off                ;
; Auto Resource Sharing                                                      ; Off                ; Off                ;
; Allow Any RAM Size For Recognition                                         ; Off                ; Off                ;
; Allow Any ROM Size For Recognition                                         ; Off                ; Off                ;
; Allow Any Shift Register Size For Recognition                              ; Off                ; Off                ;
; Use LogicLock Constraints during Resource Balancing                        ; On                 ; On                 ;
; Ignore translate_off and synthesis_off directives                          ; Off                ; Off                ;
; Timing-Driven Synthesis                                                    ; On                 ; On                 ;
; Report Parameter Settings                                                  ; On                 ; On                 ;
; Report Source Assignments                                                  ; On                 ; On                 ;
; Report Connectivity Checks                                                 ; On                 ; On                 ;
; Ignore Maximum Fan-Out Assignments                                         ; Off                ; Off                ;
; Synchronization Register Chain Length                                      ; 2                  ; 2                  ;
; PowerPlay Power Optimization During Synthesis                              ; Normal compilation ; Normal compilation ;
; HDL message level                                                          ; Level2             ; Level2             ;
; Suppress Register Optimization Related Messages                            ; Off                ; Off                ;
; Number of Removed Registers Reported in Synthesis Report                   ; 5000               ; 5000               ;
; Number of Swept Nodes Reported in Synthesis Report                         ; 5000               ; 5000               ;
; Number of Inverted Registers Reported in Synthesis Report                  ; 100                ; 100                ;
; Clock MUX Protection                                                       ; On                 ; On                 ;
; Auto Gated Clock Conversion                                                ; Off                ; Off                ;
; Block Design Naming                                                        ; Auto               ; Auto               ;
; SDC constraint protection                                                  ; Off                ; Off                ;
; Synthesis Effort                                                           ; Auto               ; Auto               ;
; Shift Register Replacement - Allow Asynchronous Clear Signal               ; On                 ; On                 ;
; Pre-Mapping Resynthesis Optimization                                       ; Off                ; Off                ;
; Analysis & Synthesis Message Level                                         ; Medium             ; Medium             ;
; Disable Register Merging Across Hierarchies                                ; Auto               ; Auto               ;
; Resource Aware Inference For Block RAM                                     ; On                 ; On                 ;
; Synthesis Seed                                                             ; 1                  ; 1                  ;
+----------------------------------------------------------------------------+--------------------+--------------------+


Parallel compilation was disabled, but you have multiple processors available. Enable parallel compilation to reduce compilation time.
+-------------------------------------+
; Parallel Compilation                ;
+----------------------------+--------+
; Processors                 ; Number ;
+----------------------------+--------+
; Number detected on machine ; 8      ;
; Maximum allowed            ; 1      ;
+----------------------------+--------+


+------------------------------------------------------------------------------------------------------------------------------------------------------------------------------------------------------------------------------------------------------------------------------------------------+
; Analysis & Synthesis Source Files Read                                                                                                                                                                                                                                                         ;
+--------------------------------------------------------------------+-----------------+----------------------------------------------+--------------------------------------------------------------------------------------------------------------------------------------------+-------------+
; File Name with User-Entered Path                                   ; Used in Netlist ; File Type                                    ; File Name with Absolute Path                                                                                                               ; Library     ;
+--------------------------------------------------------------------+-----------------+----------------------------------------------+--------------------------------------------------------------------------------------------------------------------------------------------+-------------+
; ../JTAG_FINAL_TEST/myjtag.v                                        ; yes             ; User Wizard-Generated File                   ; C:/Users/Lunkferios/Desktop/Summer_Project/FPGA Projects/JTAG_FINAL_TEST/myjtag.v                                                          ;             ;
; ../JTAG_FINAL_TEST/jtag_test.v                                     ; yes             ; User Verilog HDL File                        ; C:/Users/Lunkferios/Desktop/Summer_Project/FPGA Projects/JTAG_FINAL_TEST/jtag_test.v                                                       ;             ;
; jtag_value_led.v                                                   ; yes             ; Auto-Found Verilog HDL File                  ; C:/Users/Lunkferios/Desktop/Summer_Project/FPGA Projects/jtag_value_LED/jtag_value_led.v                                                   ;             ;
; sld_virtual_jtag.v                                                 ; yes             ; Megafunction                                 ; c:/altera_lite/15.1/quartus/libraries/megafunctions/sld_virtual_jtag.v                                                                     ;             ;
; sld_virtual_jtag_basic.v                                           ; yes             ; Megafunction                                 ; c:/altera_lite/15.1/quartus/libraries/megafunctions/sld_virtual_jtag_basic.v                                                               ;             ;
; sld_jtag_endpoint_adapter.vhd                                      ; yes             ; Encrypted Megafunction                       ; c:/altera_lite/15.1/quartus/libraries/megafunctions/sld_jtag_endpoint_adapter.vhd                                                          ;             ;
; sld_jtag_endpoint_adapter_impl.sv                                  ; yes             ; Encrypted Megafunction                       ; c:/altera_lite/15.1/quartus/libraries/megafunctions/sld_jtag_endpoint_adapter_impl.sv                                                      ;             ;
; sld_hub.vhd                                                        ; yes             ; Encrypted Megafunction                       ; c:/altera_lite/15.1/quartus/libraries/megafunctions/sld_hub.vhd                                                                            ; altera_sld  ;
; db/ip/sld1cf787c1/alt_sld_fab.v                                    ; yes             ; Encrypted Auto-Found Verilog HDL File        ; C:/Users/Lunkferios/Desktop/Summer_Project/FPGA Projects/jtag_value_LED/db/ip/sld1cf787c1/alt_sld_fab.v                                    ; alt_sld_fab ;
; db/ip/sld1cf787c1/submodules/alt_sld_fab_alt_sld_fab.v             ; yes             ; Encrypted Auto-Found Verilog HDL File        ; C:/Users/Lunkferios/Desktop/Summer_Project/FPGA Projects/jtag_value_LED/db/ip/sld1cf787c1/submodules/alt_sld_fab_alt_sld_fab.v             ; alt_sld_fab ;
; db/ip/sld1cf787c1/submodules/alt_sld_fab_alt_sld_fab_ident.sv      ; yes             ; Auto-Found SystemVerilog HDL File            ; C:/Users/Lunkferios/Desktop/Summer_Project/FPGA Projects/jtag_value_LED/db/ip/sld1cf787c1/submodules/alt_sld_fab_alt_sld_fab_ident.sv      ; alt_sld_fab ;
; db/ip/sld1cf787c1/submodules/alt_sld_fab_alt_sld_fab_presplit.sv   ; yes             ; Encrypted Auto-Found SystemVerilog HDL File  ; C:/Users/Lunkferios/Desktop/Summer_Project/FPGA Projects/jtag_value_LED/db/ip/sld1cf787c1/submodules/alt_sld_fab_alt_sld_fab_presplit.sv   ; alt_sld_fab ;
; db/ip/sld1cf787c1/submodules/alt_sld_fab_alt_sld_fab_sldfabric.vhd ; yes             ; Encrypted Auto-Found VHDL File               ; C:/Users/Lunkferios/Desktop/Summer_Project/FPGA Projects/jtag_value_LED/db/ip/sld1cf787c1/submodules/alt_sld_fab_alt_sld_fab_sldfabric.vhd ; alt_sld_fab ;
; db/ip/sld1cf787c1/submodules/alt_sld_fab_alt_sld_fab_splitter.sv   ; yes             ; Encrypted Auto-Found SystemVerilog HDL File  ; C:/Users/Lunkferios/Desktop/Summer_Project/FPGA Projects/jtag_value_LED/db/ip/sld1cf787c1/submodules/alt_sld_fab_alt_sld_fab_splitter.sv   ; alt_sld_fab ;
; sld_jtag_hub.vhd                                                   ; yes             ; Encrypted Megafunction                       ; c:/altera_lite/15.1/quartus/libraries/megafunctions/sld_jtag_hub.vhd                                                                       ;             ;
; sld_rom_sr.vhd                                                     ; yes             ; Encrypted Megafunction                       ; c:/altera_lite/15.1/quartus/libraries/megafunctions/sld_rom_sr.vhd                                                                         ;             ;
+--------------------------------------------------------------------+-----------------+----------------------------------------------+--------------------------------------------------------------------------------------------------------------------------------------------+-------------+


+------------------------------------------------------------------------+
; Analysis & Synthesis Resource Usage Summary                            ;
+---------------------------------------------+--------------------------+
; Resource                                    ; Usage                    ;
+---------------------------------------------+--------------------------+
; Estimated Total logic elements              ; 172                      ;
;                                             ;                          ;
; Total combinational functions               ; 137                      ;
; Logic element usage by number of LUT inputs ;                          ;
;     -- 4 input functions                    ; 58                       ;
;     -- 3 input functions                    ; 35                       ;
;     -- <=2 input functions                  ; 44                       ;
;                                             ;                          ;
; Logic elements by mode                      ;                          ;
;     -- normal mode                          ; 129                      ;
;     -- arithmetic mode                      ; 8                        ;
;                                             ;                          ;
; Total registers                             ; 101                      ;
;     -- Dedicated logic registers            ; 101                      ;
;     -- I/O registers                        ; 0                        ;
;                                             ;                          ;
; I/O pins                                    ; 34                       ;
;                                             ;                          ;
; Embedded Multiplier 9-bit elements          ; 0                        ;
;                                             ;                          ;
; Maximum fan-out node                        ; altera_internal_jtag~TDO ;
; Maximum fan-out                             ; 124                      ;
; Total fan-out                               ; 776                      ;
; Average fan-out                             ; 2.46                     ;
+---------------------------------------------+--------------------------+


+---------------------------------------------------------------------------------------------------------------------------------------------------------------------------------------------------------------------------------------------------------------------------------------------------------------------------------------------------------------------------------------------------------------------------------------------------------------------------------------------------------------------------------------------------------------------------------------------------------------------------------+
; Analysis & Synthesis Resource Utilization by Entity                                                                                                                                                                                                                                                                                                                                                                                                                                                                                                                                                                             ;
+-----------------------------------------------------------------------------------------------------------------------------------------+-------------------+--------------+-------------+--------------+---------+-----------+------+--------------+------------------------------------------------------------------------------------------------------------------------------------------------------------------------------------------------------------------------------------------------------------------------------------------------------------------------------------------------------------+--------------+
; Compilation Hierarchy Node                                                                                                              ; LC Combinationals ; LC Registers ; Memory Bits ; DSP Elements ; DSP 9x9 ; DSP 18x18 ; Pins ; Virtual Pins ; Full Hierarchy Name                                                                                                                                                                                                                                                                                                                                        ; Library Name ;
+-----------------------------------------------------------------------------------------------------------------------------------------+-------------------+--------------+-------------+--------------+---------+-----------+------+--------------+------------------------------------------------------------------------------------------------------------------------------------------------------------------------------------------------------------------------------------------------------------------------------------------------------------------------------------------------------------+--------------+
; |jtag_value_LED                                                                                                                         ; 137 (2)           ; 101 (0)      ; 0           ; 0            ; 0       ; 0         ; 34   ; 0            ; |jtag_value_LED                                                                                                                                                                                                                                                                                                                                            ; work         ;
;    |jtag_test:test1|                                                                                                                    ; 17 (17)           ; 24 (24)      ; 0           ; 0            ; 0       ; 0         ; 0    ; 0            ; |jtag_value_LED|jtag_test:test1                                                                                                                                                                                                                                                                                                                            ; work         ;
;    |sld_hub:auto_hub|                                                                                                                   ; 118 (1)           ; 77 (0)       ; 0           ; 0            ; 0       ; 0         ; 0    ; 0            ; |jtag_value_LED|sld_hub:auto_hub                                                                                                                                                                                                                                                                                                                           ; altera_sld   ;
;       |alt_sld_fab_with_jtag_input:\instrumentation_fabric_with_node_gen:fabric_gen_new_way:with_jtag_input_gen:instrumentation_fabric| ; 117 (0)           ; 77 (0)       ; 0           ; 0            ; 0       ; 0         ; 0    ; 0            ; |jtag_value_LED|sld_hub:auto_hub|alt_sld_fab_with_jtag_input:\instrumentation_fabric_with_node_gen:fabric_gen_new_way:with_jtag_input_gen:instrumentation_fabric                                                                                                                                                                                           ; altera_sld   ;
;          |alt_sld_fab:instrumentation_fabric|                                                                                           ; 117 (0)           ; 77 (0)       ; 0           ; 0            ; 0       ; 0         ; 0    ; 0            ; |jtag_value_LED|sld_hub:auto_hub|alt_sld_fab_with_jtag_input:\instrumentation_fabric_with_node_gen:fabric_gen_new_way:with_jtag_input_gen:instrumentation_fabric|alt_sld_fab:instrumentation_fabric                                                                                                                                                        ; alt_sld_fab  ;
;             |alt_sld_fab_alt_sld_fab:alt_sld_fab|                                                                                       ; 117 (1)           ; 77 (5)       ; 0           ; 0            ; 0       ; 0         ; 0    ; 0            ; |jtag_value_LED|sld_hub:auto_hub|alt_sld_fab_with_jtag_input:\instrumentation_fabric_with_node_gen:fabric_gen_new_way:with_jtag_input_gen:instrumentation_fabric|alt_sld_fab:instrumentation_fabric|alt_sld_fab_alt_sld_fab:alt_sld_fab                                                                                                                    ; alt_sld_fab  ;
;                |alt_sld_fab_alt_sld_fab_sldfabric:sldfabric|                                                                            ; 116 (0)           ; 72 (0)       ; 0           ; 0            ; 0       ; 0         ; 0    ; 0            ; |jtag_value_LED|sld_hub:auto_hub|alt_sld_fab_with_jtag_input:\instrumentation_fabric_with_node_gen:fabric_gen_new_way:with_jtag_input_gen:instrumentation_fabric|alt_sld_fab:instrumentation_fabric|alt_sld_fab_alt_sld_fab:alt_sld_fab|alt_sld_fab_alt_sld_fab_sldfabric:sldfabric                                                                        ; alt_sld_fab  ;
;                   |sld_jtag_hub:\jtag_hub_gen:real_sld_jtag_hub|                                                                        ; 116 (79)          ; 72 (44)      ; 0           ; 0            ; 0       ; 0         ; 0    ; 0            ; |jtag_value_LED|sld_hub:auto_hub|alt_sld_fab_with_jtag_input:\instrumentation_fabric_with_node_gen:fabric_gen_new_way:with_jtag_input_gen:instrumentation_fabric|alt_sld_fab:instrumentation_fabric|alt_sld_fab_alt_sld_fab:alt_sld_fab|alt_sld_fab_alt_sld_fab_sldfabric:sldfabric|sld_jtag_hub:\jtag_hub_gen:real_sld_jtag_hub                           ; work         ;
;                      |sld_rom_sr:hub_info_reg|                                                                                          ; 19 (19)           ; 9 (9)        ; 0           ; 0            ; 0       ; 0         ; 0    ; 0            ; |jtag_value_LED|sld_hub:auto_hub|alt_sld_fab_with_jtag_input:\instrumentation_fabric_with_node_gen:fabric_gen_new_way:with_jtag_input_gen:instrumentation_fabric|alt_sld_fab:instrumentation_fabric|alt_sld_fab_alt_sld_fab:alt_sld_fab|alt_sld_fab_alt_sld_fab_sldfabric:sldfabric|sld_jtag_hub:\jtag_hub_gen:real_sld_jtag_hub|sld_rom_sr:hub_info_reg   ; work         ;
;                      |sld_shadow_jsm:shadow_jsm|                                                                                        ; 18 (18)           ; 19 (19)      ; 0           ; 0            ; 0       ; 0         ; 0    ; 0            ; |jtag_value_LED|sld_hub:auto_hub|alt_sld_fab_with_jtag_input:\instrumentation_fabric_with_node_gen:fabric_gen_new_way:with_jtag_input_gen:instrumentation_fabric|alt_sld_fab:instrumentation_fabric|alt_sld_fab_alt_sld_fab:alt_sld_fab|alt_sld_fab_alt_sld_fab_sldfabric:sldfabric|sld_jtag_hub:\jtag_hub_gen:real_sld_jtag_hub|sld_shadow_jsm:shadow_jsm ; altera_sld   ;
+-----------------------------------------------------------------------------------------------------------------------------------------+-------------------+--------------+-------------+--------------+---------+-----------+------+--------------+------------------------------------------------------------------------------------------------------------------------------------------------------------------------------------------------------------------------------------------------------------------------------------------------------------------------------------------------------------+--------------+
Note: For table entries with two numbers listed, the numbers in parentheses indicate the number of resources of the given type used by the specific entity alone. The numbers listed outside of parentheses indicate the total resources of the given type used by the specific entity and all of its sub-entities in the hierarchy.


+-----------------------------------------------------------------------------------------------------------------------------------------------------------------------------------------------------------------------------------------------------------------------------------------------------------------------------------------------------------------------+
; Analysis & Synthesis IP Cores Summary                                                                                                                                                                                                                                                                                                                                 ;
+--------+--------------+---------+--------------+--------------+-------------------------------------------------------------------------------------------------------------------------------------------------------------------------------------------------------------------------------------------------------------------------------------+-----------------+
; Vendor ; IP Core Name ; Version ; Release Date ; License Type ; Entity Instance                                                                                                                                                                                                                                                                     ; IP Include File ;
+--------+--------------+---------+--------------+--------------+-------------------------------------------------------------------------------------------------------------------------------------------------------------------------------------------------------------------------------------------------------------------------------------+-----------------+
; Altera ; Signal Tap   ; N/A     ; N/A          ; Licensed     ; |jtag_value_LED|sld_hub:auto_hub|alt_sld_fab_with_jtag_input:\instrumentation_fabric_with_node_gen:fabric_gen_new_way:with_jtag_input_gen:instrumentation_fabric|alt_sld_fab:instrumentation_fabric                                                                                 ;                 ;
; Altera ; Signal Tap   ; N/A     ; N/A          ; Licensed     ; |jtag_value_LED|sld_hub:auto_hub|alt_sld_fab_with_jtag_input:\instrumentation_fabric_with_node_gen:fabric_gen_new_way:with_jtag_input_gen:instrumentation_fabric|alt_sld_fab:instrumentation_fabric|alt_sld_fab_alt_sld_fab:alt_sld_fab                                             ;                 ;
; Altera ; Signal Tap   ; N/A     ; N/A          ; Licensed     ; |jtag_value_LED|sld_hub:auto_hub|alt_sld_fab_with_jtag_input:\instrumentation_fabric_with_node_gen:fabric_gen_new_way:with_jtag_input_gen:instrumentation_fabric|alt_sld_fab:instrumentation_fabric|alt_sld_fab_alt_sld_fab:alt_sld_fab|alt_sld_fab_alt_sld_fab_presplit:presplit   ;                 ;
; Altera ; Signal Tap   ; N/A     ; N/A          ; Licensed     ; |jtag_value_LED|sld_hub:auto_hub|alt_sld_fab_with_jtag_input:\instrumentation_fabric_with_node_gen:fabric_gen_new_way:with_jtag_input_gen:instrumentation_fabric|alt_sld_fab:instrumentation_fabric|alt_sld_fab_alt_sld_fab:alt_sld_fab|alt_sld_fab_alt_sld_fab_sldfabric:sldfabric ;                 ;
; Altera ; Signal Tap   ; N/A     ; N/A          ; Licensed     ; |jtag_value_LED|sld_hub:auto_hub|alt_sld_fab_with_jtag_input:\instrumentation_fabric_with_node_gen:fabric_gen_new_way:with_jtag_input_gen:instrumentation_fabric|alt_sld_fab:instrumentation_fabric|alt_sld_fab_alt_sld_fab:alt_sld_fab|alt_sld_fab_alt_sld_fab_splitter:splitter   ;                 ;
+--------+--------------+---------+--------------+--------------+-------------------------------------------------------------------------------------------------------------------------------------------------------------------------------------------------------------------------------------------------------------------------------------+-----------------+


+------------------------------------------------------+
; General Register Statistics                          ;
+----------------------------------------------+-------+
; Statistic                                    ; Value ;
+----------------------------------------------+-------+
; Total registers                              ; 101   ;
; Number of registers using Synchronous Clear  ; 12    ;
; Number of registers using Synchronous Load   ; 9     ;
; Number of registers using Asynchronous Clear ; 25    ;
; Number of registers using Asynchronous Load  ; 0     ;
; Number of registers using Clock Enable       ; 73    ;
; Number of registers using Preset             ; 0     ;
+----------------------------------------------+-------+


+-------------------------------------------------------------------------------------------------------------------------------------------------------------------------------------------------------------------------------------------------------------------------------------------------------------------------------------------+
; Inverted Register Statistics                                                                                                                                                                                                                                                                                                              ;
+---------------------------------------------------------------------------------------------------------------------------------------------------------------------------------------------------------------------------------------------------------------------------------------------------------------------------------+---------+
; Inverted Register                                                                                                                                                                                                                                                                                                               ; Fan out ;
+---------------------------------------------------------------------------------------------------------------------------------------------------------------------------------------------------------------------------------------------------------------------------------------------------------------------------------+---------+
; sld_hub:auto_hub|alt_sld_fab_with_jtag_input:\instrumentation_fabric_with_node_gen:fabric_gen_new_way:with_jtag_input_gen:instrumentation_fabric|alt_sld_fab:instrumentation_fabric|alt_sld_fab_alt_sld_fab:alt_sld_fab|alt_sld_fab_alt_sld_fab_sldfabric:sldfabric|sld_jtag_hub:\jtag_hub_gen:real_sld_jtag_hub|tdo            ; 1       ;
; sld_hub:auto_hub|alt_sld_fab_with_jtag_input:\instrumentation_fabric_with_node_gen:fabric_gen_new_way:with_jtag_input_gen:instrumentation_fabric|alt_sld_fab:instrumentation_fabric|alt_sld_fab_alt_sld_fab:alt_sld_fab|alt_sld_fab_alt_sld_fab_sldfabric:sldfabric|sld_jtag_hub:\jtag_hub_gen:real_sld_jtag_hub|jtag_ir_reg[2] ; 2       ;
; sld_hub:auto_hub|alt_sld_fab_with_jtag_input:\instrumentation_fabric_with_node_gen:fabric_gen_new_way:with_jtag_input_gen:instrumentation_fabric|alt_sld_fab:instrumentation_fabric|alt_sld_fab_alt_sld_fab:alt_sld_fab|alt_sld_fab_alt_sld_fab_sldfabric:sldfabric|sld_jtag_hub:\jtag_hub_gen:real_sld_jtag_hub|jtag_ir_reg[1] ; 3       ;
; Total number of inverted registers = 3                                                                                                                                                                                                                                                                                          ;         ;
+---------------------------------------------------------------------------------------------------------------------------------------------------------------------------------------------------------------------------------------------------------------------------------------------------------------------------------+---------+


+----------------------------------------------------------------------------------------------------------------------------------------------------------------------------------------------------------------------------------------------------------------------------------------------------------------------------------------------------------------------------------------------------------------------------------------------------------------------------------------+
; Multiplexer Restructuring Statistics (Restructuring Performed)                                                                                                                                                                                                                                                                                                                                                                                                                         ;
+--------------------+-----------+---------------+----------------------+------------------------+------------+--------------------------------------------------------------------------------------------------------------------------------------------------------------------------------------------------------------------------------------------------------------------------------------------------------------------------------------------------------------------------+
; Multiplexer Inputs ; Bus Width ; Baseline Area ; Area if Restructured ; Saving if Restructured ; Registered ; Example Multiplexer Output                                                                                                                                                                                                                                                                                                                                               ;
+--------------------+-----------+---------------+----------------------+------------------------+------------+--------------------------------------------------------------------------------------------------------------------------------------------------------------------------------------------------------------------------------------------------------------------------------------------------------------------------------------------------------------------------+
; 3:1                ; 8 bits    ; 16 LEs        ; 8 LEs                ; 8 LEs                  ; Yes        ; |jtag_value_LED|jtag_test:test1|shift_dr_out[0]                                                                                                                                                                                                                                                                                                                          ;
; 3:1                ; 3 bits    ; 6 LEs         ; 3 LEs                ; 3 LEs                  ; Yes        ; |jtag_value_LED|sld_hub:auto_hub|alt_sld_fab_with_jtag_input:\instrumentation_fabric_with_node_gen:fabric_gen_new_way:with_jtag_input_gen:instrumentation_fabric|alt_sld_fab:instrumentation_fabric|alt_sld_fab_alt_sld_fab:alt_sld_fab|alt_sld_fab_alt_sld_fab_sldfabric:sldfabric|sld_jtag_hub:\jtag_hub_gen:real_sld_jtag_hub|irsr_reg[2]                             ;
; 3:1                ; 4 bits    ; 8 LEs         ; 4 LEs                ; 4 LEs                  ; Yes        ; |jtag_value_LED|sld_hub:auto_hub|alt_sld_fab_with_jtag_input:\instrumentation_fabric_with_node_gen:fabric_gen_new_way:with_jtag_input_gen:instrumentation_fabric|alt_sld_fab:instrumentation_fabric|alt_sld_fab_alt_sld_fab:alt_sld_fab|alt_sld_fab_alt_sld_fab_sldfabric:sldfabric|sld_jtag_hub:\jtag_hub_gen:real_sld_jtag_hub|hub_minor_ver_reg[0]                    ;
; 4:1                ; 5 bits    ; 10 LEs        ; 5 LEs                ; 5 LEs                  ; Yes        ; |jtag_value_LED|sld_hub:auto_hub|alt_sld_fab_with_jtag_input:\instrumentation_fabric_with_node_gen:fabric_gen_new_way:with_jtag_input_gen:instrumentation_fabric|alt_sld_fab:instrumentation_fabric|alt_sld_fab_alt_sld_fab:alt_sld_fab|alt_sld_fab_alt_sld_fab_sldfabric:sldfabric|sld_jtag_hub:\jtag_hub_gen:real_sld_jtag_hub|sld_rom_sr:hub_info_reg|word_counter[2] ;
; 4:1                ; 5 bits    ; 10 LEs        ; 5 LEs                ; 5 LEs                  ; Yes        ; |jtag_value_LED|sld_hub:auto_hub|alt_sld_fab_with_jtag_input:\instrumentation_fabric_with_node_gen:fabric_gen_new_way:with_jtag_input_gen:instrumentation_fabric|alt_sld_fab:instrumentation_fabric|alt_sld_fab_alt_sld_fab:alt_sld_fab|alt_sld_fab_alt_sld_fab_sldfabric:sldfabric|sld_jtag_hub:\jtag_hub_gen:real_sld_jtag_hub|mixer_addr_reg_internal[4]              ;
; 34:1               ; 4 bits    ; 88 LEs        ; 64 LEs               ; 24 LEs                 ; Yes        ; |jtag_value_LED|sld_hub:auto_hub|alt_sld_fab_with_jtag_input:\instrumentation_fabric_with_node_gen:fabric_gen_new_way:with_jtag_input_gen:instrumentation_fabric|alt_sld_fab:instrumentation_fabric|alt_sld_fab_alt_sld_fab:alt_sld_fab|alt_sld_fab_alt_sld_fab_sldfabric:sldfabric|sld_jtag_hub:\jtag_hub_gen:real_sld_jtag_hub|design_hash_reg[0]                      ;
; 20:1               ; 4 bits    ; 52 LEs        ; 32 LEs               ; 20 LEs                 ; Yes        ; |jtag_value_LED|sld_hub:auto_hub|alt_sld_fab_with_jtag_input:\instrumentation_fabric_with_node_gen:fabric_gen_new_way:with_jtag_input_gen:instrumentation_fabric|alt_sld_fab:instrumentation_fabric|alt_sld_fab_alt_sld_fab:alt_sld_fab|alt_sld_fab_alt_sld_fab_sldfabric:sldfabric|sld_jtag_hub:\jtag_hub_gen:real_sld_jtag_hub|sld_rom_sr:hub_info_reg|WORD_SR[0]      ;
+--------------------+-----------+---------------+----------------------+------------------------+------------+--------------------------------------------------------------------------------------------------------------------------------------------------------------------------------------------------------------------------------------------------------------------------------------------------------------------------------------------------------------------------+


+-----------------------------------------------------------------------------------------------------------------------------+
; Parameter Settings for User Entity Instance: jtag_test:test1|myjtag:myjtag_inst|sld_virtual_jtag:sld_virtual_jtag_component ;
+-------------------------+------------------+--------------------------------------------------------------------------------+
; Parameter Name          ; Value            ; Type                                                                           ;
+-------------------------+------------------+--------------------------------------------------------------------------------+
; sld_auto_instance_index ; YES              ; String                                                                         ;
; sld_instance_index      ; 0                ; Signed Integer                                                                 ;
; sld_ir_width            ; 3                ; Signed Integer                                                                 ;
; sld_sim_n_scan          ; 0                ; Signed Integer                                                                 ;
; sld_sim_action          ;                  ; String                                                                         ;
; sld_sim_total_length    ; 0                ; Signed Integer                                                                 ;
; lpm_type                ; sld_virtual_jtag ; String                                                                         ;
; lpm_hint                ; UNUSED           ; String                                                                         ;
+-------------------------+------------------+--------------------------------------------------------------------------------+
Note: In order to hide this table in the UI and the text report file, please set the "Show Parameter Settings in Synthesis Report" option in "Analysis and Synthesis Settings -> More Settings" to "Off".


+------------------------------------------------------------------------------------------------------------------------------+
; Port Connectivity Checks: "jtag_test:test1|myjtag:myjtag_inst"                                                               ;
+--------------------+--------+----------+-------------------------------------------------------------------------------------+
; Port               ; Type   ; Severity ; Details                                                                             ;
+--------------------+--------+----------+-------------------------------------------------------------------------------------+
; ir_out             ; Input  ; Info     ; Explicitly unconnected                                                              ;
; virtual_state_e1dr ; Output ; Info     ; Connected to dangling logic. Logic that only feeds a dangling port will be removed. ;
; virtual_state_e2dr ; Output ; Info     ; Connected to dangling logic. Logic that only feeds a dangling port will be removed. ;
; virtual_state_pdr  ; Output ; Info     ; Connected to dangling logic. Logic that only feeds a dangling port will be removed. ;
; virtual_state_uir  ; Output ; Info     ; Connected to dangling logic. Logic that only feeds a dangling port will be removed. ;
; virtual_state_cir  ; Output ; Info     ; Connected to dangling logic. Logic that only feeds a dangling port will be removed. ;
+--------------------+--------+----------+-------------------------------------------------------------------------------------+


+--------------------------------------------------------------------------------------------------------------------------------------------------------------------------------------------------+
; Port Connectivity Checks: "jtag_test:test1"                                                                                                                                                      ;
+------+--------+----------+-----------------------------------------------------------------------------------------------------------------------------------------------------------------------+
; Port ; Type   ; Severity ; Details                                                                                                                                                               ;
+------+--------+----------+-----------------------------------------------------------------------------------------------------------------------------------------------------------------------+
; led  ; Output ; Warning  ; Output or bidir port (8 bits) is smaller than the port expression (9 bits) it drives.  The 1 most-significant bit(s) in the port expression will be connected to GND. ;
+------+--------+----------+-----------------------------------------------------------------------------------------------------------------------------------------------------------------------+


+--------------------------------------------------------------------------------------------------------------------------------------------------------------------------------------------------+
; Virtual JTAG Settings                                                                                                                                                                            ;
+----------------+------------+------------------+----------+---------+-----------------+-------------------------+--------------------------------------------------------------------------------+
; Instance Index ; Auto Index ; Index Reassigned ; IR Width ; Address ; USER1 DR length ; VIR capture instruction ; Hierarchy Location                                                             ;
+----------------+------------+------------------+----------+---------+-----------------+-------------------------+--------------------------------------------------------------------------------+
; 0              ; YES        ; N/A              ; 3        ; 0x10    ; 5               ; 0x0B                    ; jtag_test:test1|myjtag:myjtag_inst|sld_virtual_jtag:sld_virtual_jtag_component ;
+----------------+------------+------------------+----------+---------+-----------------+-------------------------+--------------------------------------------------------------------------------+


+-----------------------------------------------------+
; Post-Synthesis Netlist Statistics for Top Partition ;
+-----------------------+-----------------------------+
; Type                  ; Count                       ;
+-----------------------+-----------------------------+
; boundary_port         ; 63                          ;
; cycloneiii_ff         ; 24                          ;
;     ENA               ; 24                          ;
; cycloneiii_lcell_comb ; 18                          ;
;     normal            ; 18                          ;
;         0 data inputs ; 1                           ;
;         2 data inputs ; 1                           ;
;         3 data inputs ; 11                          ;
;         4 data inputs ; 5                           ;
;                       ;                             ;
; Max LUT depth         ; 3.00                        ;
; Average LUT depth     ; 1.43                        ;
+-----------------------+-----------------------------+


+------------------------------------------------------------------+
; Post-Synthesis Netlist Statistics for Partition sld_hub:auto_hub ;
+-----------------------+------------------------------------------+
; Type                  ; Count                                    ;
+-----------------------+------------------------------------------+
; boundary_port         ; 92                                       ;
; cycloneiii_ff         ; 77                                       ;
;     CLR               ; 6                                        ;
;     ENA               ; 16                                       ;
;     ENA CLR           ; 19                                       ;
;     ENA SCLR          ; 5                                        ;
;     ENA SLD           ; 9                                        ;
;     SCLR              ; 7                                        ;
;     plain             ; 15                                       ;
; cycloneiii_lcell_comb ; 118                                      ;
;     arith             ; 8                                        ;
;         2 data inputs ; 8                                        ;
;     normal            ; 110                                      ;
;         0 data inputs ; 1                                        ;
;         1 data inputs ; 7                                        ;
;         2 data inputs ; 25                                       ;
;         3 data inputs ; 24                                       ;
;         4 data inputs ; 53                                       ;
;                       ;                                          ;
; Max LUT depth         ; 4.00                                     ;
; Average LUT depth     ; 1.87                                     ;
+-----------------------+------------------------------------------+


+---------------------------------+
; Elapsed Time Per Partition      ;
+------------------+--------------+
; Partition Name   ; Elapsed Time ;
+------------------+--------------+
; sld_hub:auto_hub ; 00:00:01     ;
; Top              ; 00:00:00     ;
+------------------+--------------+


+-------------------------------+
; Analysis & Synthesis Messages ;
+-------------------------------+
Info: *******************************************************************
Info: Running Quartus Prime Analysis & Synthesis
    Info: Version 15.1.0 Build 185 10/21/2015 SJ Lite Edition
    Info: Processing started: Mon May 23 12:59:38 2016
Info: Command: quartus_map --read_settings_files=on --write_settings_files=off jtag_value_LED -c jtag_value_LED
Warning (20028): Parallel compilation is not licensed and has been disabled
Info (12021): Found 1 design units, including 1 entities, in source file /users/lunkferios/desktop/summer_project/fpga projects/jtag_final_test/myjtag.v
    Info (12023): Found entity 1: myjtag File: C:/Users/Lunkferios/Desktop/Summer_Project/FPGA Projects/JTAG_FINAL_TEST/myjtag.v Line: 40
Info (12021): Found 1 design units, including 1 entities, in source file /users/lunkferios/desktop/summer_project/fpga projects/jtag_final_test/jtag_test.v
    Info (12023): Found entity 1: jtag_test File: C:/Users/Lunkferios/Desktop/Summer_Project/FPGA Projects/JTAG_FINAL_TEST/jtag_test.v Line: 4
Warning (10236): Verilog HDL Implicit Net warning at jtag_test.v(24): created implicit net for "e1dr" File: C:/Users/Lunkferios/Desktop/Summer_Project/FPGA Projects/JTAG_FINAL_TEST/jtag_test.v Line: 24
Warning (12125): Using design file jtag_value_led.v, which is not specified as a design file for the current project, but contains definitions for 1 design units and 1 entities in project
    Info (12023): Found entity 1: jtag_value_LED File: C:/Users/Lunkferios/Desktop/Summer_Project/FPGA Projects/jtag_value_LED/jtag_value_led.v Line: 6
Info (12127): Elaborating entity "jtag_value_LED" for the top level hierarchy
Warning (10034): Output port "LEDR" at jtag_value_led.v(37) has no driver File: C:/Users/Lunkferios/Desktop/Summer_Project/FPGA Projects/jtag_value_LED/jtag_value_led.v Line: 37
Info (12128): Elaborating entity "jtag_test" for hierarchy "jtag_test:test1" File: C:/Users/Lunkferios/Desktop/Summer_Project/FPGA Projects/jtag_value_LED/jtag_value_led.v Line: 51
Info (10264): Verilog HDL Case Statement information at jtag_test.v(60): all case item expressions in this case statement are onehot File: C:/Users/Lunkferios/Desktop/Summer_Project/FPGA Projects/JTAG_FINAL_TEST/jtag_test.v Line: 60
Info (12128): Elaborating entity "myjtag" for hierarchy "jtag_test:test1|myjtag:myjtag_inst" File: C:/Users/Lunkferios/Desktop/Summer_Project/FPGA Projects/JTAG_FINAL_TEST/jtag_test.v Line: 31
Info (12128): Elaborating entity "sld_virtual_jtag" for hierarchy "jtag_test:test1|myjtag:myjtag_inst|sld_virtual_jtag:sld_virtual_jtag_component" File: C:/Users/Lunkferios/Desktop/Summer_Project/FPGA Projects/JTAG_FINAL_TEST/myjtag.v Line: 126
Info (12130): Elaborated megafunction instantiation "jtag_test:test1|myjtag:myjtag_inst|sld_virtual_jtag:sld_virtual_jtag_component" File: C:/Users/Lunkferios/Desktop/Summer_Project/FPGA Projects/JTAG_FINAL_TEST/myjtag.v Line: 126
Info (12133): Instantiated megafunction "jtag_test:test1|myjtag:myjtag_inst|sld_virtual_jtag:sld_virtual_jtag_component" with the following parameter: File: C:/Users/Lunkferios/Desktop/Summer_Project/FPGA Projects/JTAG_FINAL_TEST/myjtag.v Line: 126
    Info (12134): Parameter "sld_auto_instance_index" = "YES"
    Info (12134): Parameter "sld_instance_index" = "0"
    Info (12134): Parameter "sld_ir_width" = "3"
    Info (12134): Parameter "sld_sim_action" = ""
    Info (12134): Parameter "sld_sim_n_scan" = "0"
    Info (12134): Parameter "sld_sim_total_length" = "0"
Info (12128): Elaborating entity "sld_virtual_jtag_basic" for hierarchy "jtag_test:test1|myjtag:myjtag_inst|sld_virtual_jtag:sld_virtual_jtag_component|sld_virtual_jtag_basic:sld_virtual_jtag_basic_inst" File: c:/altera_lite/15.1/quartus/libraries/megafunctions/sld_virtual_jtag.v Line: 152
Info (12131): Elaborated megafunction instantiation "jtag_test:test1|myjtag:myjtag_inst|sld_virtual_jtag:sld_virtual_jtag_component|sld_virtual_jtag_basic:sld_virtual_jtag_basic_inst", which is child of megafunction instantiation "jtag_test:test1|myjtag:myjtag_inst|sld_virtual_jtag:sld_virtual_jtag_component" File: c:/altera_lite/15.1/quartus/libraries/megafunctions/sld_virtual_jtag.v Line: 152
Info (12128): Elaborating entity "sld_virtual_jtag_impl" for hierarchy "jtag_test:test1|myjtag:myjtag_inst|sld_virtual_jtag:sld_virtual_jtag_component|sld_virtual_jtag_basic:sld_virtual_jtag_basic_inst|sld_virtual_jtag_impl:sld_virtual_jtag_impl_inst" File: c:/altera_lite/15.1/quartus/libraries/megafunctions/sld_virtual_jtag_basic.v Line: 152
Info (12131): Elaborated megafunction instantiation "jtag_test:test1|myjtag:myjtag_inst|sld_virtual_jtag:sld_virtual_jtag_component|sld_virtual_jtag_basic:sld_virtual_jtag_basic_inst|sld_virtual_jtag_impl:sld_virtual_jtag_impl_inst", which is child of megafunction instantiation "jtag_test:test1|myjtag:myjtag_inst|sld_virtual_jtag:sld_virtual_jtag_component" File: c:/altera_lite/15.1/quartus/libraries/megafunctions/sld_virtual_jtag_basic.v Line: 152
Info (12128): Elaborating entity "sld_jtag_endpoint_adapter" for hierarchy "jtag_test:test1|myjtag:myjtag_inst|sld_virtual_jtag:sld_virtual_jtag_component|sld_virtual_jtag_basic:sld_virtual_jtag_basic_inst|sld_virtual_jtag_impl:sld_virtual_jtag_impl_inst|sld_jtag_endpoint_adapter:jtag_signal_adapter" File: c:/altera_lite/15.1/quartus/libraries/megafunctions/sld_virtual_jtag_basic.v Line: 415
Info (12128): Elaborating entity "sld_jtag_endpoint_adapter_impl" for hierarchy "jtag_test:test1|myjtag:myjtag_inst|sld_virtual_jtag:sld_virtual_jtag_component|sld_virtual_jtag_basic:sld_virtual_jtag_basic_inst|sld_virtual_jtag_impl:sld_virtual_jtag_impl_inst|sld_jtag_endpoint_adapter:jtag_signal_adapter|sld_jtag_endpoint_adapter_impl:sld_jtag_endpoint_adapter_impl_inst" File: c:/altera_lite/15.1/quartus/libraries/megafunctions/sld_jtag_endpoint_adapter.vhd Line: 228
Info (11170): Start IP generation for the debug fabric within sld_hub.
Info (11172): 2016.05.23.12:59:53 Progress: Loading sld1cf787c1/alt_sld_fab_wrapper_hw.tcl
Info (11172): Alt_sld_fab.alt_sld_fab: SLD fabric agents which did not specify prefer_host were connected to JTAG
Info (11172): Alt_sld_fab: Generating alt_sld_fab "alt_sld_fab" for QUARTUS_SYNTH
Info (11172): Alt_sld_fab: "alt_sld_fab" instantiated alt_sld_fab "alt_sld_fab"
Info (11172): Presplit: "alt_sld_fab" instantiated altera_super_splitter "presplit"
Info (11172): Splitter: "alt_sld_fab" instantiated altera_sld_splitter "splitter"
Info (11172): Sldfabric: "alt_sld_fab" instantiated altera_sld_jtag_hub "sldfabric"
Info (11172): Ident: "alt_sld_fab" instantiated altera_connection_identification_hub "ident"
Info (11172): Alt_sld_fab: Done "alt_sld_fab" with 6 modules, 6 files
Info (11171): Finished IP generation for the debug fabric within sld_hub.
Info (12021): Found 1 design units, including 1 entities, in source file db/ip/sld1cf787c1/alt_sld_fab.v
    Info (12023): Found entity 1: alt_sld_fab File: C:/Users/Lunkferios/Desktop/Summer_Project/FPGA Projects/jtag_value_LED/db/ip/sld1cf787c1/alt_sld_fab.v Line: 9
Info (12021): Found 1 design units, including 1 entities, in source file db/ip/sld1cf787c1/submodules/alt_sld_fab_alt_sld_fab.v
    Info (12023): Found entity 1: alt_sld_fab_alt_sld_fab File: C:/Users/Lunkferios/Desktop/Summer_Project/FPGA Projects/jtag_value_LED/db/ip/sld1cf787c1/submodules/alt_sld_fab_alt_sld_fab.v Line: 9
Info (12021): Found 1 design units, including 1 entities, in source file db/ip/sld1cf787c1/submodules/alt_sld_fab_alt_sld_fab_ident.sv
    Info (12023): Found entity 1: alt_sld_fab_alt_sld_fab_ident File: C:/Users/Lunkferios/Desktop/Summer_Project/FPGA Projects/jtag_value_LED/db/ip/sld1cf787c1/submodules/alt_sld_fab_alt_sld_fab_ident.sv Line: 33
Info (12021): Found 1 design units, including 1 entities, in source file db/ip/sld1cf787c1/submodules/alt_sld_fab_alt_sld_fab_presplit.sv
    Info (12023): Found entity 1: alt_sld_fab_alt_sld_fab_presplit File: C:/Users/Lunkferios/Desktop/Summer_Project/FPGA Projects/jtag_value_LED/db/ip/sld1cf787c1/submodules/alt_sld_fab_alt_sld_fab_presplit.sv Line: 3
Info (12021): Found 2 design units, including 1 entities, in source file db/ip/sld1cf787c1/submodules/alt_sld_fab_alt_sld_fab_sldfabric.vhd
    Info (12022): Found design unit 1: alt_sld_fab_alt_sld_fab_sldfabric-rtl File: C:/Users/Lunkferios/Desktop/Summer_Project/FPGA Projects/jtag_value_LED/db/ip/sld1cf787c1/submodules/alt_sld_fab_alt_sld_fab_sldfabric.vhd Line: 92
    Info (12023): Found entity 1: alt_sld_fab_alt_sld_fab_sldfabric File: C:/Users/Lunkferios/Desktop/Summer_Project/FPGA Projects/jtag_value_LED/db/ip/sld1cf787c1/submodules/alt_sld_fab_alt_sld_fab_sldfabric.vhd Line: 11
Info (12021): Found 1 design units, including 1 entities, in source file db/ip/sld1cf787c1/submodules/alt_sld_fab_alt_sld_fab_splitter.sv
    Info (12023): Found entity 1: alt_sld_fab_alt_sld_fab_splitter File: C:/Users/Lunkferios/Desktop/Summer_Project/FPGA Projects/jtag_value_LED/db/ip/sld1cf787c1/submodules/alt_sld_fab_alt_sld_fab_splitter.sv Line: 3
Warning (12241): 1 hierarchies have connectivity warnings - see the Connectivity Checks report folder
Warning (13024): Output pins are stuck at VCC or GND
    Warning (13410): Pin "LEDG[8]" is stuck at GND File: C:/Users/Lunkferios/Desktop/Summer_Project/FPGA Projects/jtag_value_LED/jtag_value_led.v Line: 36
    Warning (13410): Pin "LEDR[0]" is stuck at GND File: C:/Users/Lunkferios/Desktop/Summer_Project/FPGA Projects/jtag_value_LED/jtag_value_led.v Line: 37
    Warning (13410): Pin "LEDR[1]" is stuck at GND File: C:/Users/Lunkferios/Desktop/Summer_Project/FPGA Projects/jtag_value_LED/jtag_value_led.v Line: 37
    Warning (13410): Pin "LEDR[2]" is stuck at GND File: C:/Users/Lunkferios/Desktop/Summer_Project/FPGA Projects/jtag_value_LED/jtag_value_led.v Line: 37
    Warning (13410): Pin "LEDR[3]" is stuck at GND File: C:/Users/Lunkferios/Desktop/Summer_Project/FPGA Projects/jtag_value_LED/jtag_value_led.v Line: 37
    Warning (13410): Pin "LEDR[4]" is stuck at GND File: C:/Users/Lunkferios/Desktop/Summer_Project/FPGA Projects/jtag_value_LED/jtag_value_led.v Line: 37
    Warning (13410): Pin "LEDR[5]" is stuck at GND File: C:/Users/Lunkferios/Desktop/Summer_Project/FPGA Projects/jtag_value_LED/jtag_value_led.v Line: 37
    Warning (13410): Pin "LEDR[6]" is stuck at GND File: C:/Users/Lunkferios/Desktop/Summer_Project/FPGA Projects/jtag_value_LED/jtag_value_led.v Line: 37
    Warning (13410): Pin "LEDR[7]" is stuck at GND File: C:/Users/Lunkferios/Desktop/Summer_Project/FPGA Projects/jtag_value_LED/jtag_value_led.v Line: 37
    Warning (13410): Pin "LEDR[8]" is stuck at GND File: C:/Users/Lunkferios/Desktop/Summer_Project/FPGA Projects/jtag_value_LED/jtag_value_led.v Line: 37
    Warning (13410): Pin "LEDR[9]" is stuck at GND File: C:/Users/Lunkferios/Desktop/Summer_Project/FPGA Projects/jtag_value_LED/jtag_value_led.v Line: 37
    Warning (13410): Pin "LEDR[10]" is stuck at GND File: C:/Users/Lunkferios/Desktop/Summer_Project/FPGA Projects/jtag_value_LED/jtag_value_led.v Line: 37
    Warning (13410): Pin "LEDR[11]" is stuck at GND File: C:/Users/Lunkferios/Desktop/Summer_Project/FPGA Projects/jtag_value_LED/jtag_value_led.v Line: 37
    Warning (13410): Pin "LEDR[12]" is stuck at GND File: C:/Users/Lunkferios/Desktop/Summer_Project/FPGA Projects/jtag_value_LED/jtag_value_led.v Line: 37
    Warning (13410): Pin "LEDR[13]" is stuck at GND File: C:/Users/Lunkferios/Desktop/Summer_Project/FPGA Projects/jtag_value_LED/jtag_value_led.v Line: 37
    Warning (13410): Pin "LEDR[14]" is stuck at GND File: C:/Users/Lunkferios/Desktop/Summer_Project/FPGA Projects/jtag_value_LED/jtag_value_led.v Line: 37
    Warning (13410): Pin "LEDR[15]" is stuck at GND File: C:/Users/Lunkferios/Desktop/Summer_Project/FPGA Projects/jtag_value_LED/jtag_value_led.v Line: 37
    Warning (13410): Pin "LEDR[16]" is stuck at GND File: C:/Users/Lunkferios/Desktop/Summer_Project/FPGA Projects/jtag_value_LED/jtag_value_led.v Line: 37
    Warning (13410): Pin "LEDR[17]" is stuck at GND File: C:/Users/Lunkferios/Desktop/Summer_Project/FPGA Projects/jtag_value_LED/jtag_value_led.v Line: 37
Info (286031): Timing-Driven Synthesis is running on partition "Top"
Info (13000): Registers with preset signals will power-up high File: c:/altera_lite/15.1/quartus/libraries/megafunctions/sld_jtag_hub.vhd Line: 256
Info (13003): DEV_CLRn pin will set, and not reset, register with preset signal due to NOT Gate Push-Back
Info (286031): Timing-Driven Synthesis is running on partition "sld_hub:auto_hub"
Info (16010): Generating hard_block partition "hard_block:auto_generated_inst"
    Info (16011): Adding 0 node(s), including 0 DDIO, 0 PLL, 0 transceiver and 0 LCELL
Warning (21074): Design contains 3 input pin(s) that do not drive logic
    Warning (15610): No output dependent on input pin "CLOCK_50" File: C:/Users/Lunkferios/Desktop/Summer_Project/FPGA Projects/jtag_value_LED/jtag_value_led.v Line: 31
    Warning (15610): No output dependent on input pin "CLOCK2_50" File: C:/Users/Lunkferios/Desktop/Summer_Project/FPGA Projects/jtag_value_LED/jtag_value_led.v Line: 32
    Warning (15610): No output dependent on input pin "CLOCK3_50" File: C:/Users/Lunkferios/Desktop/Summer_Project/FPGA Projects/jtag_value_LED/jtag_value_led.v Line: 33
Info (21057): Implemented 214 device resources after synthesis - the final resource count might be different
    Info (21058): Implemented 10 input pins
    Info (21059): Implemented 28 output pins
    Info (21061): Implemented 175 logic cells
Info: Quartus Prime Analysis & Synthesis was successful. 0 errors, 29 warnings
    Info: Peak virtual memory: 831 megabytes
    Info: Processing ended: Mon May 23 13:00:01 2016
    Info: Elapsed time: 00:00:23
    Info: Total CPU time (on all processors): 00:00:46


