Assembler report for jtag_value_LED
Mon May 23 13:00:27 2016
Quartus Prime Version 15.1.0 Build 185 10/21/2015 SJ Lite Edition


---------------------
; Table of Contents ;
---------------------
  1. Legal Notice
  2. Assembler Summary
  3. Assembler Settings
  4. Assembler Encrypted IP Cores Summary
  5. Assembler Generated Files
  6. Assembler Device Options: C:/Users/Lunkferios/Desktop/Summer_Project/FPGA Projects/jtag_value_LED/jtag_value_LED.sof
  7. Assembler Messages



----------------
; Legal Notice ;
----------------
Copyright (C) 1991-2015 Altera Corporation. All rights reserved.
Your use of Altera Corporation's design tools, logic functions 
and other software and tools, and its AMPP partner logic 
functions, and any output files from any of the foregoing 
(including device programming or simulation files), and any 
associated documentation or information are expressly subject 
to the terms and conditions of the Altera Program License 
Subscription Agreement, the Altera Quartus Prime License Agreement,
the Altera MegaCore Function License Agreement, or other 
applicable license agreement, including, without limitation, 
that your use is for the sole purpose of programming logic 
devices manufactured by Altera and sold by Altera or its 
authorized distributors.  Please refer to the applicable 
agreement for further details.



+---------------------------------------------------------------+
; Assembler Summary                                             ;
+-----------------------+---------------------------------------+
; Assembler Status      ; Successful - Mon May 23 13:00:27 2016 ;
; Revision Name         ; jtag_value_LED                        ;
; Top-level Entity Name ; jtag_value_LED                        ;
; Family                ; Cyclone IV E                          ;
; Device                ; EP4CE115F29C7                         ;
+-----------------------+---------------------------------------+


+----------------------------------+
; Assembler Settings               ;
+--------+---------+---------------+
; Option ; Setting ; Default Value ;
+--------+---------+---------------+


+------------------------------------------------+
; Assembler Encrypted IP Cores Summary           ;
+--------+------------------------+--------------+
; Vendor ; IP Core Name           ; License Type ;
+--------+------------------------+--------------+
; Altera ; Signal Tap (6AF7 BCE1) ; Licensed     ;
; Altera ; Signal Tap (6AF7 BCEC) ; Licensed     ;
+--------+------------------------+--------------+


+--------------------------------------------------------------------------------------------+
; Assembler Generated Files                                                                  ;
+--------------------------------------------------------------------------------------------+
; File Name                                                                                  ;
+--------------------------------------------------------------------------------------------+
; C:/Users/Lunkferios/Desktop/Summer_Project/FPGA Projects/jtag_value_LED/jtag_value_LED.sof ;
+--------------------------------------------------------------------------------------------+


+----------------------------------------------------------------------------------------------------------------------+
; Assembler Device Options: C:/Users/Lunkferios/Desktop/Summer_Project/FPGA Projects/jtag_value_LED/jtag_value_LED.sof ;
+----------------+-----------------------------------------------------------------------------------------------------+
; Option         ; Setting                                                                                             ;
+----------------+-----------------------------------------------------------------------------------------------------+
; Device         ; EP4CE115F29C7                                                                                       ;
; JTAG usercode  ; 0x00578209                                                                                          ;
; Checksum       ; 0x00578209                                                                                          ;
+----------------+-----------------------------------------------------------------------------------------------------+


+--------------------+
; Assembler Messages ;
+--------------------+
Info: *******************************************************************
Info: Running Quartus Prime Assembler
    Info: Version 15.1.0 Build 185 10/21/2015 SJ Lite Edition
    Info: Processing started: Mon May 23 13:00:22 2016
Info: Command: quartus_asm --read_settings_files=off --write_settings_files=off jtag_value_LED -c jtag_value_LED
Info (115031): Writing out detailed assembly data for power analysis
Info (115030): Assembler is generating device programming files
Info: Quartus Prime Assembler was successful. 0 errors, 0 warnings
    Info: Peak virtual memory: 720 megabytes
    Info: Processing ended: Mon May 23 13:00:27 2016
    Info: Elapsed time: 00:00:05
    Info: Total CPU time (on all processors): 00:00:05


