Analysis & Synthesis report for fpga_floatcalc_jtag
Mon May 23 15:49:20 2016
Quartus Prime Version 15.1.0 Build 185 10/21/2015 SJ Lite Edition


---------------------
; Table of Contents ;
---------------------
  1. Legal Notice
  2. Analysis & Synthesis Summary
  3. Analysis & Synthesis Settings
  4. Parallel Compilation
  5. Analysis & Synthesis Source Files Read
  6. Analysis & Synthesis Resource Usage Summary
  7. Analysis & Synthesis Resource Utilization by Entity
  8. Analysis & Synthesis IP Cores Summary
  9. State Machine - |fpga_floatcalc_jtag|adder:add1|state
 10. Registers Removed During Synthesis
 11. Removed Registers Triggering Further Register Optimizations
 12. General Register Statistics
 13. Inverted Register Statistics
 14. Multiplexer Restructuring Statistics (Restructuring Performed)
 15. Parameter Settings for User Entity Instance: adder:add1
 16. Parameter Settings for User Entity Instance: myjtag:myjtag_inst|sld_virtual_jtag:sld_virtual_jtag_component
 17. Port Connectivity Checks: "myjtag:myjtag_inst"
 18. Port Connectivity Checks: "adder:add1"
 19. Virtual JTAG Settings
 20. Post-Synthesis Netlist Statistics for Top Partition
 21. Post-Synthesis Netlist Statistics for Partition sld_hub:auto_hub
 22. Elapsed Time Per Partition
 23. Analysis & Synthesis Messages



----------------
; Legal Notice ;
----------------
Copyright (C) 1991-2015 Altera Corporation. All rights reserved.
Your use of Altera Corporation's design tools, logic functions 
and other software and tools, and its AMPP partner logic 
functions, and any output files from any of the foregoing 
(including device programming or simulation files), and any 
associated documentation or information are expressly subject 
to the terms and conditions of the Altera Program License 
Subscription Agreement, the Altera Quartus Prime License Agreement,
the Altera MegaCore Function License Agreement, or other 
applicable license agreement, including, without limitation, 
that your use is for the sole purpose of programming logic 
devices manufactured by Altera and sold by Altera or its 
authorized distributors.  Please refer to the applicable 
agreement for further details.



+----------------------------------------------------------------------------------+
; Analysis & Synthesis Summary                                                     ;
+------------------------------------+---------------------------------------------+
; Analysis & Synthesis Status        ; Successful - Mon May 23 15:49:20 2016       ;
; Quartus Prime Version              ; 15.1.0 Build 185 10/21/2015 SJ Lite Edition ;
; Revision Name                      ; fpga_floatcalc_jtag                         ;
; Top-level Entity Name              ; fpga_floatcalc_jtag                         ;
; Family                             ; Cyclone IV E                                ;
; Total logic elements               ; 875                                         ;
;     Total combinational functions  ; 728                                         ;
;     Dedicated logic registers      ; 424                                         ;
; Total registers                    ; 424                                         ;
; Total pins                         ; 7                                           ;
; Total virtual pins                 ; 0                                           ;
; Total memory bits                  ; 0                                           ;
; Embedded Multiplier 9-bit elements ; 0                                           ;
; Total PLLs                         ; 0                                           ;
+------------------------------------+---------------------------------------------+


+------------------------------------------------------------------------------------------------------------------------+
; Analysis & Synthesis Settings                                                                                          ;
+----------------------------------------------------------------------------+---------------------+---------------------+
; Option                                                                     ; Setting             ; Default Value       ;
+----------------------------------------------------------------------------+---------------------+---------------------+
; Device                                                                     ; EP4CE115F29C7       ;                     ;
; Top-level entity name                                                      ; fpga_floatcalc_jtag ; fpga_floatcalc_jtag ;
; Family name                                                                ; Cyclone IV E        ; Cyclone V           ;
; Use smart compilation                                                      ; Off                 ; Off                 ;
; Enable parallel Assembler and TimeQuest Timing Analyzer during compilation ; On                  ; On                  ;
; Enable compact report table                                                ; Off                 ; Off                 ;
; Restructure Multiplexers                                                   ; Auto                ; Auto                ;
; Create Debugging Nodes for IP Cores                                        ; Off                 ; Off                 ;
; Preserve fewer node names                                                  ; On                  ; On                  ;
; Disable OpenCore Plus hardware evaluation                                  ; Off                 ; Off                 ;
; Verilog Version                                                            ; Verilog_2001        ; Verilog_2001        ;
; VHDL Version                                                               ; VHDL_1993           ; VHDL_1993           ;
; State Machine Processing                                                   ; Auto                ; Auto                ;
; Safe State Machine                                                         ; Off                 ; Off                 ;
; Extract Verilog State Machines                                             ; On                  ; On                  ;
; Extract VHDL State Machines                                                ; On                  ; On                  ;
; Ignore Verilog initial constructs                                          ; Off                 ; Off                 ;
; Iteration limit for constant Verilog loops                                 ; 5000                ; 5000                ;
; Iteration limit for non-constant Verilog loops                             ; 250                 ; 250                 ;
; Add Pass-Through Logic to Inferred RAMs                                    ; On                  ; On                  ;
; Infer RAMs from Raw Logic                                                  ; On                  ; On                  ;
; Parallel Synthesis                                                         ; On                  ; On                  ;
; DSP Block Balancing                                                        ; Auto                ; Auto                ;
; NOT Gate Push-Back                                                         ; On                  ; On                  ;
; Power-Up Don't Care                                                        ; On                  ; On                  ;
; Remove Redundant Logic Cells                                               ; Off                 ; Off                 ;
; Remove Duplicate Registers                                                 ; On                  ; On                  ;
; Ignore CARRY Buffers                                                       ; Off                 ; Off                 ;
; Ignore CASCADE Buffers                                                     ; Off                 ; Off                 ;
; Ignore GLOBAL Buffers                                                      ; Off                 ; Off                 ;
; Ignore ROW GLOBAL Buffers                                                  ; Off                 ; Off                 ;
; Ignore LCELL Buffers                                                       ; Off                 ; Off                 ;
; Ignore SOFT Buffers                                                        ; On                  ; On                  ;
; Limit AHDL Integers to 32 Bits                                             ; Off                 ; Off                 ;
; Optimization Technique                                                     ; Balanced            ; Balanced            ;
; Carry Chain Length                                                         ; 70                  ; 70                  ;
; Auto Carry Chains                                                          ; On                  ; On                  ;
; Auto Open-Drain Pins                                                       ; On                  ; On                  ;
; Perform WYSIWYG Primitive Resynthesis                                      ; Off                 ; Off                 ;
; Auto ROM Replacement                                                       ; On                  ; On                  ;
; Auto RAM Replacement                                                       ; On                  ; On                  ;
; Auto DSP Block Replacement                                                 ; On                  ; On                  ;
; Auto Shift Register Replacement                                            ; Auto                ; Auto                ;
; Allow Shift Register Merging across Hierarchies                            ; Auto                ; Auto                ;
; Auto Clock Enable Replacement                                              ; On                  ; On                  ;
; Strict RAM Replacement                                                     ; Off                 ; Off                 ;
; Allow Synchronous Control Signals                                          ; On                  ; On                  ;
; Force Use of Synchronous Clear Signals                                     ; Off                 ; Off                 ;
; Auto RAM Block Balancing                                                   ; On                  ; On                  ;
; Auto RAM to Logic Cell Conversion                                          ; Off                 ; Off                 ;
; Auto Resource Sharing                                                      ; Off                 ; Off                 ;
; Allow Any RAM Size For Recognition                                         ; Off                 ; Off                 ;
; Allow Any ROM Size For Recognition                                         ; Off                 ; Off                 ;
; Allow Any Shift Register Size For Recognition                              ; Off                 ; Off                 ;
; Use LogicLock Constraints during Resource Balancing                        ; On                  ; On                  ;
; Ignore translate_off and synthesis_off directives                          ; Off                 ; Off                 ;
; Timing-Driven Synthesis                                                    ; On                  ; On                  ;
; Report Parameter Settings                                                  ; On                  ; On                  ;
; Report Source Assignments                                                  ; On                  ; On                  ;
; Report Connectivity Checks                                                 ; On                  ; On                  ;
; Ignore Maximum Fan-Out Assignments                                         ; Off                 ; Off                 ;
; Synchronization Register Chain Length                                      ; 2                   ; 2                   ;
; PowerPlay Power Optimization During Synthesis                              ; Normal compilation  ; Normal compilation  ;
; HDL message level                                                          ; Level2              ; Level2              ;
; Suppress Register Optimization Related Messages                            ; Off                 ; Off                 ;
; Number of Removed Registers Reported in Synthesis Report                   ; 5000                ; 5000                ;
; Number of Swept Nodes Reported in Synthesis Report                         ; 5000                ; 5000                ;
; Number of Inverted Registers Reported in Synthesis Report                  ; 100                 ; 100                 ;
; Clock MUX Protection                                                       ; On                  ; On                  ;
; Auto Gated Clock Conversion                                                ; Off                 ; Off                 ;
; Block Design Naming                                                        ; Auto                ; Auto                ;
; SDC constraint protection                                                  ; Off                 ; Off                 ;
; Synthesis Effort                                                           ; Auto                ; Auto                ;
; Shift Register Replacement - Allow Asynchronous Clear Signal               ; On                  ; On                  ;
; Pre-Mapping Resynthesis Optimization                                       ; Off                 ; Off                 ;
; Analysis & Synthesis Message Level                                         ; Medium              ; Medium              ;
; Disable Register Merging Across Hierarchies                                ; Auto                ; Auto                ;
; Resource Aware Inference For Block RAM                                     ; On                  ; On                  ;
; Synthesis Seed                                                             ; 1                   ; 1                   ;
+----------------------------------------------------------------------------+---------------------+---------------------+


Parallel compilation was disabled, but you have multiple processors available. Enable parallel compilation to reduce compilation time.
+-------------------------------------+
; Parallel Compilation                ;
+----------------------------+--------+
; Processors                 ; Number ;
+----------------------------+--------+
; Number detected on machine ; 8      ;
; Maximum allowed            ; 1      ;
+----------------------------+--------+


+-----------------------------------------------------------------------------------------------------------------------------------------------------------------------------------------------------------------------------------------------------------------------------------------------------+
; Analysis & Synthesis Source Files Read                                                                                                                                                                                                                                                              ;
+--------------------------------------------------------------------+-----------------+----------------------------------------------+-------------------------------------------------------------------------------------------------------------------------------------------------+-------------+
; File Name with User-Entered Path                                   ; Used in Netlist ; File Type                                    ; File Name with Absolute Path                                                                                                                    ; Library     ;
+--------------------------------------------------------------------+-----------------+----------------------------------------------+-------------------------------------------------------------------------------------------------------------------------------------------------+-------------+
; myjtag.v                                                           ; yes             ; User Wizard-Generated File                   ; C:/Users/Lunkferios/Desktop/Summer_Project/FPGA Projects/fpga_floatcalc_jtag/myjtag.v                                                           ;             ;
; adder.v                                                            ; yes             ; User Verilog HDL File                        ; C:/Users/Lunkferios/Desktop/Summer_Project/FPGA Projects/fpga_floatcalc_jtag/adder.v                                                            ;             ;
; fpga_floatcalc_jtag.v                                              ; yes             ; Auto-Found Verilog HDL File                  ; C:/Users/Lunkferios/Desktop/Summer_Project/FPGA Projects/fpga_floatcalc_jtag/fpga_floatcalc_jtag.v                                              ;             ;
; sld_virtual_jtag.v                                                 ; yes             ; Megafunction                                 ; c:/altera_lite/15.1/quartus/libraries/megafunctions/sld_virtual_jtag.v                                                                          ;             ;
; sld_virtual_jtag_basic.v                                           ; yes             ; Megafunction                                 ; c:/altera_lite/15.1/quartus/libraries/megafunctions/sld_virtual_jtag_basic.v                                                                    ;             ;
; sld_jtag_endpoint_adapter.vhd                                      ; yes             ; Encrypted Megafunction                       ; c:/altera_lite/15.1/quartus/libraries/megafunctions/sld_jtag_endpoint_adapter.vhd                                                               ;             ;
; sld_jtag_endpoint_adapter_impl.sv                                  ; yes             ; Encrypted Megafunction                       ; c:/altera_lite/15.1/quartus/libraries/megafunctions/sld_jtag_endpoint_adapter_impl.sv                                                           ;             ;
; sld_hub.vhd                                                        ; yes             ; Encrypted Megafunction                       ; c:/altera_lite/15.1/quartus/libraries/megafunctions/sld_hub.vhd                                                                                 ; altera_sld  ;
; db/ip/sldf6f0dae7/alt_sld_fab.v                                    ; yes             ; Encrypted Auto-Found Verilog HDL File        ; C:/Users/Lunkferios/Desktop/Summer_Project/FPGA Projects/fpga_floatcalc_jtag/db/ip/sldf6f0dae7/alt_sld_fab.v                                    ; alt_sld_fab ;
; db/ip/sldf6f0dae7/submodules/alt_sld_fab_alt_sld_fab.v             ; yes             ; Encrypted Auto-Found Verilog HDL File        ; C:/Users/Lunkferios/Desktop/Summer_Project/FPGA Projects/fpga_floatcalc_jtag/db/ip/sldf6f0dae7/submodules/alt_sld_fab_alt_sld_fab.v             ; alt_sld_fab ;
; db/ip/sldf6f0dae7/submodules/alt_sld_fab_alt_sld_fab_ident.sv      ; yes             ; Auto-Found SystemVerilog HDL File            ; C:/Users/Lunkferios/Desktop/Summer_Project/FPGA Projects/fpga_floatcalc_jtag/db/ip/sldf6f0dae7/submodules/alt_sld_fab_alt_sld_fab_ident.sv      ; alt_sld_fab ;
; db/ip/sldf6f0dae7/submodules/alt_sld_fab_alt_sld_fab_presplit.sv   ; yes             ; Encrypted Auto-Found SystemVerilog HDL File  ; C:/Users/Lunkferios/Desktop/Summer_Project/FPGA Projects/fpga_floatcalc_jtag/db/ip/sldf6f0dae7/submodules/alt_sld_fab_alt_sld_fab_presplit.sv   ; alt_sld_fab ;
; db/ip/sldf6f0dae7/submodules/alt_sld_fab_alt_sld_fab_sldfabric.vhd ; yes             ; Encrypted Auto-Found VHDL File               ; C:/Users/Lunkferios/Desktop/Summer_Project/FPGA Projects/fpga_floatcalc_jtag/db/ip/sldf6f0dae7/submodules/alt_sld_fab_alt_sld_fab_sldfabric.vhd ; alt_sld_fab ;
; db/ip/sldf6f0dae7/submodules/alt_sld_fab_alt_sld_fab_splitter.sv   ; yes             ; Encrypted Auto-Found SystemVerilog HDL File  ; C:/Users/Lunkferios/Desktop/Summer_Project/FPGA Projects/fpga_floatcalc_jtag/db/ip/sldf6f0dae7/submodules/alt_sld_fab_alt_sld_fab_splitter.sv   ; alt_sld_fab ;
; sld_jtag_hub.vhd                                                   ; yes             ; Encrypted Megafunction                       ; c:/altera_lite/15.1/quartus/libraries/megafunctions/sld_jtag_hub.vhd                                                                            ;             ;
; sld_rom_sr.vhd                                                     ; yes             ; Encrypted Megafunction                       ; c:/altera_lite/15.1/quartus/libraries/megafunctions/sld_rom_sr.vhd                                                                              ;             ;
+--------------------------------------------------------------------+-----------------+----------------------------------------------+-------------------------------------------------------------------------------------------------------------------------------------------------+-------------+


+--------------------------------------------------------------+
; Analysis & Synthesis Resource Usage Summary                  ;
+---------------------------------------------+----------------+
; Resource                                    ; Usage          ;
+---------------------------------------------+----------------+
; Estimated Total logic elements              ; 875            ;
;                                             ;                ;
; Total combinational functions               ; 728            ;
; Logic element usage by number of LUT inputs ;                ;
;     -- 4 input functions                    ; 251            ;
;     -- 3 input functions                    ; 283            ;
;     -- <=2 input functions                  ; 194            ;
;                                             ;                ;
; Logic elements by mode                      ;                ;
;     -- normal mode                          ; 507            ;
;     -- arithmetic mode                      ; 221            ;
;                                             ;                ;
; Total registers                             ; 424            ;
;     -- Dedicated logic registers            ; 424            ;
;     -- I/O registers                        ; 0              ;
;                                             ;                ;
; I/O pins                                    ; 7              ;
;                                             ;                ;
; Embedded Multiplier 9-bit elements          ; 0              ;
;                                             ;                ;
; Maximum fan-out node                        ; CLOCK_50~input ;
; Maximum fan-out                             ; 251            ;
; Total fan-out                               ; 3666           ;
; Average fan-out                             ; 3.12           ;
+---------------------------------------------+----------------+


+--------------------------------------------------------------------------------------------------------------------------------------------------------------------------------------------------------------------------------------------------------------------------------------------------------------------------------------------------------------------------------------------------------------------------------------------------------------------------------------------------------------------------------------------------------------------------------------------------------------------------------------+
; Analysis & Synthesis Resource Utilization by Entity                                                                                                                                                                                                                                                                                                                                                                                                                                                                                                                                                                                  ;
+-----------------------------------------------------------------------------------------------------------------------------------------+-------------------+--------------+-------------+--------------+---------+-----------+------+--------------+-----------------------------------------------------------------------------------------------------------------------------------------------------------------------------------------------------------------------------------------------------------------------------------------------------------------------------------------------------------------+--------------+
; Compilation Hierarchy Node                                                                                                              ; LC Combinationals ; LC Registers ; Memory Bits ; DSP Elements ; DSP 9x9 ; DSP 18x18 ; Pins ; Virtual Pins ; Full Hierarchy Name                                                                                                                                                                                                                                                                                                                                             ; Library Name ;
+-----------------------------------------------------------------------------------------------------------------------------------------+-------------------+--------------+-------------+--------------+---------+-----------+------+--------------+-----------------------------------------------------------------------------------------------------------------------------------------------------------------------------------------------------------------------------------------------------------------------------------------------------------------------------------------------------------------+--------------+
; |fpga_floatcalc_jtag                                                                                                                    ; 728 (43)          ; 424 (96)     ; 0           ; 0            ; 0       ; 0         ; 7    ; 0            ; |fpga_floatcalc_jtag                                                                                                                                                                                                                                                                                                                                            ; work         ;
;    |adder:add1|                                                                                                                         ; 569 (569)         ; 251 (251)    ; 0           ; 0            ; 0       ; 0         ; 0    ; 0            ; |fpga_floatcalc_jtag|adder:add1                                                                                                                                                                                                                                                                                                                                 ; work         ;
;    |sld_hub:auto_hub|                                                                                                                   ; 116 (1)           ; 77 (0)       ; 0           ; 0            ; 0       ; 0         ; 0    ; 0            ; |fpga_floatcalc_jtag|sld_hub:auto_hub                                                                                                                                                                                                                                                                                                                           ; altera_sld   ;
;       |alt_sld_fab_with_jtag_input:\instrumentation_fabric_with_node_gen:fabric_gen_new_way:with_jtag_input_gen:instrumentation_fabric| ; 115 (0)           ; 77 (0)       ; 0           ; 0            ; 0       ; 0         ; 0    ; 0            ; |fpga_floatcalc_jtag|sld_hub:auto_hub|alt_sld_fab_with_jtag_input:\instrumentation_fabric_with_node_gen:fabric_gen_new_way:with_jtag_input_gen:instrumentation_fabric                                                                                                                                                                                           ; altera_sld   ;
;          |alt_sld_fab:instrumentation_fabric|                                                                                           ; 115 (0)           ; 77 (0)       ; 0           ; 0            ; 0       ; 0         ; 0    ; 0            ; |fpga_floatcalc_jtag|sld_hub:auto_hub|alt_sld_fab_with_jtag_input:\instrumentation_fabric_with_node_gen:fabric_gen_new_way:with_jtag_input_gen:instrumentation_fabric|alt_sld_fab:instrumentation_fabric                                                                                                                                                        ; alt_sld_fab  ;
;             |alt_sld_fab_alt_sld_fab:alt_sld_fab|                                                                                       ; 115 (1)           ; 77 (5)       ; 0           ; 0            ; 0       ; 0         ; 0    ; 0            ; |fpga_floatcalc_jtag|sld_hub:auto_hub|alt_sld_fab_with_jtag_input:\instrumentation_fabric_with_node_gen:fabric_gen_new_way:with_jtag_input_gen:instrumentation_fabric|alt_sld_fab:instrumentation_fabric|alt_sld_fab_alt_sld_fab:alt_sld_fab                                                                                                                    ; alt_sld_fab  ;
;                |alt_sld_fab_alt_sld_fab_sldfabric:sldfabric|                                                                            ; 114 (0)           ; 72 (0)       ; 0           ; 0            ; 0       ; 0         ; 0    ; 0            ; |fpga_floatcalc_jtag|sld_hub:auto_hub|alt_sld_fab_with_jtag_input:\instrumentation_fabric_with_node_gen:fabric_gen_new_way:with_jtag_input_gen:instrumentation_fabric|alt_sld_fab:instrumentation_fabric|alt_sld_fab_alt_sld_fab:alt_sld_fab|alt_sld_fab_alt_sld_fab_sldfabric:sldfabric                                                                        ; alt_sld_fab  ;
;                   |sld_jtag_hub:\jtag_hub_gen:real_sld_jtag_hub|                                                                        ; 114 (77)          ; 72 (44)      ; 0           ; 0            ; 0       ; 0         ; 0    ; 0            ; |fpga_floatcalc_jtag|sld_hub:auto_hub|alt_sld_fab_with_jtag_input:\instrumentation_fabric_with_node_gen:fabric_gen_new_way:with_jtag_input_gen:instrumentation_fabric|alt_sld_fab:instrumentation_fabric|alt_sld_fab_alt_sld_fab:alt_sld_fab|alt_sld_fab_alt_sld_fab_sldfabric:sldfabric|sld_jtag_hub:\jtag_hub_gen:real_sld_jtag_hub                           ; work         ;
;                      |sld_rom_sr:hub_info_reg|                                                                                          ; 19 (19)           ; 9 (9)        ; 0           ; 0            ; 0       ; 0         ; 0    ; 0            ; |fpga_floatcalc_jtag|sld_hub:auto_hub|alt_sld_fab_with_jtag_input:\instrumentation_fabric_with_node_gen:fabric_gen_new_way:with_jtag_input_gen:instrumentation_fabric|alt_sld_fab:instrumentation_fabric|alt_sld_fab_alt_sld_fab:alt_sld_fab|alt_sld_fab_alt_sld_fab_sldfabric:sldfabric|sld_jtag_hub:\jtag_hub_gen:real_sld_jtag_hub|sld_rom_sr:hub_info_reg   ; work         ;
;                      |sld_shadow_jsm:shadow_jsm|                                                                                        ; 18 (18)           ; 19 (19)      ; 0           ; 0            ; 0       ; 0         ; 0    ; 0            ; |fpga_floatcalc_jtag|sld_hub:auto_hub|alt_sld_fab_with_jtag_input:\instrumentation_fabric_with_node_gen:fabric_gen_new_way:with_jtag_input_gen:instrumentation_fabric|alt_sld_fab:instrumentation_fabric|alt_sld_fab_alt_sld_fab:alt_sld_fab|alt_sld_fab_alt_sld_fab_sldfabric:sldfabric|sld_jtag_hub:\jtag_hub_gen:real_sld_jtag_hub|sld_shadow_jsm:shadow_jsm ; altera_sld   ;
+-----------------------------------------------------------------------------------------------------------------------------------------+-------------------+--------------+-------------+--------------+---------+-----------+------+--------------+-----------------------------------------------------------------------------------------------------------------------------------------------------------------------------------------------------------------------------------------------------------------------------------------------------------------------------------------------------------------+--------------+
Note: For table entries with two numbers listed, the numbers in parentheses indicate the number of resources of the given type used by the specific entity alone. The numbers listed outside of parentheses indicate the total resources of the given type used by the specific entity and all of its sub-entities in the hierarchy.


+----------------------------------------------------------------------------------------------------------------------------------------------------------------------------------------------------------------------------------------------------------------------------------------------------------------------------------------------------------------------------+
; Analysis & Synthesis IP Cores Summary                                                                                                                                                                                                                                                                                                                                      ;
+--------+--------------+---------+--------------+--------------+------------------------------------------------------------------------------------------------------------------------------------------------------------------------------------------------------------------------------------------------------------------------------------------+-----------------+
; Vendor ; IP Core Name ; Version ; Release Date ; License Type ; Entity Instance                                                                                                                                                                                                                                                                          ; IP Include File ;
+--------+--------------+---------+--------------+--------------+------------------------------------------------------------------------------------------------------------------------------------------------------------------------------------------------------------------------------------------------------------------------------------------+-----------------+
; Altera ; Signal Tap   ; N/A     ; N/A          ; Licensed     ; |fpga_floatcalc_jtag|sld_hub:auto_hub|alt_sld_fab_with_jtag_input:\instrumentation_fabric_with_node_gen:fabric_gen_new_way:with_jtag_input_gen:instrumentation_fabric|alt_sld_fab:instrumentation_fabric                                                                                 ;                 ;
; Altera ; Signal Tap   ; N/A     ; N/A          ; Licensed     ; |fpga_floatcalc_jtag|sld_hub:auto_hub|alt_sld_fab_with_jtag_input:\instrumentation_fabric_with_node_gen:fabric_gen_new_way:with_jtag_input_gen:instrumentation_fabric|alt_sld_fab:instrumentation_fabric|alt_sld_fab_alt_sld_fab:alt_sld_fab                                             ;                 ;
; Altera ; Signal Tap   ; N/A     ; N/A          ; Licensed     ; |fpga_floatcalc_jtag|sld_hub:auto_hub|alt_sld_fab_with_jtag_input:\instrumentation_fabric_with_node_gen:fabric_gen_new_way:with_jtag_input_gen:instrumentation_fabric|alt_sld_fab:instrumentation_fabric|alt_sld_fab_alt_sld_fab:alt_sld_fab|alt_sld_fab_alt_sld_fab_presplit:presplit   ;                 ;
; Altera ; Signal Tap   ; N/A     ; N/A          ; Licensed     ; |fpga_floatcalc_jtag|sld_hub:auto_hub|alt_sld_fab_with_jtag_input:\instrumentation_fabric_with_node_gen:fabric_gen_new_way:with_jtag_input_gen:instrumentation_fabric|alt_sld_fab:instrumentation_fabric|alt_sld_fab_alt_sld_fab:alt_sld_fab|alt_sld_fab_alt_sld_fab_sldfabric:sldfabric ;                 ;
; Altera ; Signal Tap   ; N/A     ; N/A          ; Licensed     ; |fpga_floatcalc_jtag|sld_hub:auto_hub|alt_sld_fab_with_jtag_input:\instrumentation_fabric_with_node_gen:fabric_gen_new_way:with_jtag_input_gen:instrumentation_fabric|alt_sld_fab:instrumentation_fabric|alt_sld_fab_alt_sld_fab:alt_sld_fab|alt_sld_fab_alt_sld_fab_splitter:splitter   ;                 ;
+--------+--------------+---------+--------------+--------------+------------------------------------------------------------------------------------------------------------------------------------------------------------------------------------------------------------------------------------------------------------------------------------------+-----------------+


Encoding Type:  One-Hot
+----------------------------------------------------------------------------------------------------------------------------------------------------------------------------------------------------------------+
; State Machine - |fpga_floatcalc_jtag|adder:add1|state                                                                                                                                                          ;
+---------------------+-------------+------------+-------------+-------------------+-------------------+-------------+-------------+-------------+---------------------+--------------+-------------+------------+
; Name                ; state.put_z ; state.pack ; state.round ; state.normalise_2 ; state.normalise_1 ; state.add_1 ; state.add_0 ; state.align ; state.special_cases ; state.unpack ; state.get_b ; state.0000 ;
+---------------------+-------------+------------+-------------+-------------------+-------------------+-------------+-------------+-------------+---------------------+--------------+-------------+------------+
; state.0000          ; 0           ; 0          ; 0           ; 0                 ; 0                 ; 0           ; 0           ; 0           ; 0                   ; 0            ; 0           ; 0          ;
; state.get_b         ; 0           ; 0          ; 0           ; 0                 ; 0                 ; 0           ; 0           ; 0           ; 0                   ; 0            ; 1           ; 1          ;
; state.unpack        ; 0           ; 0          ; 0           ; 0                 ; 0                 ; 0           ; 0           ; 0           ; 0                   ; 1            ; 0           ; 1          ;
; state.special_cases ; 0           ; 0          ; 0           ; 0                 ; 0                 ; 0           ; 0           ; 0           ; 1                   ; 0            ; 0           ; 1          ;
; state.align         ; 0           ; 0          ; 0           ; 0                 ; 0                 ; 0           ; 0           ; 1           ; 0                   ; 0            ; 0           ; 1          ;
; state.add_0         ; 0           ; 0          ; 0           ; 0                 ; 0                 ; 0           ; 1           ; 0           ; 0                   ; 0            ; 0           ; 1          ;
; state.add_1         ; 0           ; 0          ; 0           ; 0                 ; 0                 ; 1           ; 0           ; 0           ; 0                   ; 0            ; 0           ; 1          ;
; state.normalise_1   ; 0           ; 0          ; 0           ; 0                 ; 1                 ; 0           ; 0           ; 0           ; 0                   ; 0            ; 0           ; 1          ;
; state.normalise_2   ; 0           ; 0          ; 0           ; 1                 ; 0                 ; 0           ; 0           ; 0           ; 0                   ; 0            ; 0           ; 1          ;
; state.round         ; 0           ; 0          ; 1           ; 0                 ; 0                 ; 0           ; 0           ; 0           ; 0                   ; 0            ; 0           ; 1          ;
; state.pack          ; 0           ; 1          ; 0           ; 0                 ; 0                 ; 0           ; 0           ; 0           ; 0                   ; 0            ; 0           ; 1          ;
; state.put_z         ; 1           ; 0          ; 0           ; 0                 ; 0                 ; 0           ; 0           ; 0           ; 0                   ; 0            ; 0           ; 1          ;
+---------------------+-------------+------------+-------------+-------------------+-------------------+-------------+-------------+-------------+---------------------+--------------+-------------+------------+


+---------------------------------------------------------------------------------+
; Registers Removed During Synthesis                                              ;
+----------------------------------------+----------------------------------------+
; Register name                          ; Reason for Removal                     ;
+----------------------------------------+----------------------------------------+
; adder:add1|s_output_z_stb              ; Lost fanout                            ;
; adder:add1|a[0]                        ; Stuck at VCC due to stuck port data_in ;
; adder:add1|a[1]                        ; Stuck at GND due to stuck port data_in ;
; adder:add1|a[2,3]                      ; Stuck at VCC due to stuck port data_in ;
; adder:add1|a[4,5]                      ; Stuck at GND due to stuck port data_in ;
; adder:add1|a[6,7]                      ; Stuck at VCC due to stuck port data_in ;
; adder:add1|a[8,9]                      ; Stuck at GND due to stuck port data_in ;
; adder:add1|a[10,11]                    ; Stuck at VCC due to stuck port data_in ;
; adder:add1|a[12,13]                    ; Stuck at GND due to stuck port data_in ;
; adder:add1|a[14,15]                    ; Stuck at VCC due to stuck port data_in ;
; adder:add1|a[16,17]                    ; Stuck at GND due to stuck port data_in ;
; adder:add1|a[18,19]                    ; Stuck at VCC due to stuck port data_in ;
; adder:add1|a[20,21]                    ; Stuck at GND due to stuck port data_in ;
; adder:add1|a[22]                       ; Stuck at VCC due to stuck port data_in ;
; adder:add1|a[23..29]                   ; Stuck at GND due to stuck port data_in ;
; adder:add1|a[30]                       ; Stuck at VCC due to stuck port data_in ;
; adder:add1|a[31]                       ; Stuck at GND due to stuck port data_in ;
; adder:add1|a_s                         ; Stuck at GND due to stuck port data_in ;
; adder:add1|state~14                    ; Lost fanout                            ;
; adder:add1|state~15                    ; Lost fanout                            ;
; adder:add1|state~16                    ; Lost fanout                            ;
; adder:add1|state~17                    ; Lost fanout                            ;
; Total Number of Removed Registers = 38 ;                                        ;
+----------------------------------------+----------------------------------------+


+---------------------------------------------------------------------------------------+
; Removed Registers Triggering Further Register Optimizations                           ;
+------------------+---------------------------+----------------------------------------+
; Register name    ; Reason for Removal        ; Registers Removed due to This Register ;
+------------------+---------------------------+----------------------------------------+
; adder:add1|a[31] ; Stuck at GND              ; adder:add1|a_s                         ;
;                  ; due to stuck port data_in ;                                        ;
+------------------+---------------------------+----------------------------------------+


+------------------------------------------------------+
; General Register Statistics                          ;
+----------------------------------------------+-------+
; Statistic                                    ; Value ;
+----------------------------------------------+-------+
; Total registers                              ; 424   ;
; Number of registers using Synchronous Clear  ; 13    ;
; Number of registers using Synchronous Load   ; 99    ;
; Number of registers using Asynchronous Clear ; 25    ;
; Number of registers using Asynchronous Load  ; 0     ;
; Number of registers using Clock Enable       ; 372   ;
; Number of registers using Preset             ; 0     ;
+----------------------------------------------+-------+


+-------------------------------------------------------------------------------------------------------------------------------------------------------------------------------------------------------------------------------------------------------------------------------------------------------------------------------------------+
; Inverted Register Statistics                                                                                                                                                                                                                                                                                                              ;
+---------------------------------------------------------------------------------------------------------------------------------------------------------------------------------------------------------------------------------------------------------------------------------------------------------------------------------+---------+
; Inverted Register                                                                                                                                                                                                                                                                                                               ; Fan out ;
+---------------------------------------------------------------------------------------------------------------------------------------------------------------------------------------------------------------------------------------------------------------------------------------------------------------------------------+---------+
; sld_hub:auto_hub|alt_sld_fab_with_jtag_input:\instrumentation_fabric_with_node_gen:fabric_gen_new_way:with_jtag_input_gen:instrumentation_fabric|alt_sld_fab:instrumentation_fabric|alt_sld_fab_alt_sld_fab:alt_sld_fab|alt_sld_fab_alt_sld_fab_sldfabric:sldfabric|sld_jtag_hub:\jtag_hub_gen:real_sld_jtag_hub|tdo            ; 1       ;
; sld_hub:auto_hub|alt_sld_fab_with_jtag_input:\instrumentation_fabric_with_node_gen:fabric_gen_new_way:with_jtag_input_gen:instrumentation_fabric|alt_sld_fab:instrumentation_fabric|alt_sld_fab_alt_sld_fab:alt_sld_fab|alt_sld_fab_alt_sld_fab_sldfabric:sldfabric|sld_jtag_hub:\jtag_hub_gen:real_sld_jtag_hub|jtag_ir_reg[2] ; 2       ;
; sld_hub:auto_hub|alt_sld_fab_with_jtag_input:\instrumentation_fabric_with_node_gen:fabric_gen_new_way:with_jtag_input_gen:instrumentation_fabric|alt_sld_fab:instrumentation_fabric|alt_sld_fab_alt_sld_fab:alt_sld_fab|alt_sld_fab_alt_sld_fab_sldfabric:sldfabric|sld_jtag_hub:\jtag_hub_gen:real_sld_jtag_hub|jtag_ir_reg[1] ; 3       ;
; Total number of inverted registers = 3                                                                                                                                                                                                                                                                                          ;         ;
+---------------------------------------------------------------------------------------------------------------------------------------------------------------------------------------------------------------------------------------------------------------------------------------------------------------------------------+---------+


+---------------------------------------------------------------------------------------------------------------------------------------------------------------------------------------------------------------------------------------------------------------------------------------------------------------------------------------------------------------------------------------------------------------------------------------------------------------------------------------------+
; Multiplexer Restructuring Statistics (Restructuring Performed)                                                                                                                                                                                                                                                                                                                                                                                                                              ;
+--------------------+-----------+---------------+----------------------+------------------------+------------+-------------------------------------------------------------------------------------------------------------------------------------------------------------------------------------------------------------------------------------------------------------------------------------------------------------------------------------------------------------------------------+
; Multiplexer Inputs ; Bus Width ; Baseline Area ; Area if Restructured ; Saving if Restructured ; Registered ; Example Multiplexer Output                                                                                                                                                                                                                                                                                                                                                    ;
+--------------------+-----------+---------------+----------------------+------------------------+------------+-------------------------------------------------------------------------------------------------------------------------------------------------------------------------------------------------------------------------------------------------------------------------------------------------------------------------------------------------------------------------------+
; 3:1                ; 32 bits   ; 64 LEs        ; 32 LEs               ; 32 LEs                 ; Yes        ; |fpga_floatcalc_jtag|shift_dr_out[25]                                                                                                                                                                                                                                                                                                                                         ;
; 3:1                ; 28 bits   ; 56 LEs        ; 56 LEs               ; 0 LEs                  ; Yes        ; |fpga_floatcalc_jtag|adder:add1|sum[14]                                                                                                                                                                                                                                                                                                                                       ;
; 4:1                ; 23 bits   ; 46 LEs        ; 23 LEs               ; 23 LEs                 ; Yes        ; |fpga_floatcalc_jtag|adder:add1|b_m[17]                                                                                                                                                                                                                                                                                                                                       ;
; 4:1                ; 12 bits   ; 24 LEs        ; 12 LEs               ; 12 LEs                 ; Yes        ; |fpga_floatcalc_jtag|adder:add1|a_m[6]                                                                                                                                                                                                                                                                                                                                        ;
; 6:1                ; 10 bits   ; 40 LEs        ; 20 LEs               ; 20 LEs                 ; Yes        ; |fpga_floatcalc_jtag|adder:add1|b_e[7]                                                                                                                                                                                                                                                                                                                                        ;
; 6:1                ; 10 bits   ; 40 LEs        ; 20 LEs               ; 20 LEs                 ; Yes        ; |fpga_floatcalc_jtag|adder:add1|a_e[9]                                                                                                                                                                                                                                                                                                                                        ;
; 9:1                ; 23 bits   ; 138 LEs       ; 69 LEs               ; 69 LEs                 ; Yes        ; |fpga_floatcalc_jtag|adder:add1|z_m[0]                                                                                                                                                                                                                                                                                                                                        ;
; 9:1                ; 23 bits   ; 138 LEs       ; 92 LEs               ; 46 LEs                 ; Yes        ; |fpga_floatcalc_jtag|adder:add1|z[18]                                                                                                                                                                                                                                                                                                                                         ;
; 10:1               ; 10 bits   ; 60 LEs        ; 20 LEs               ; 40 LEs                 ; Yes        ; |fpga_floatcalc_jtag|adder:add1|z_e[7]                                                                                                                                                                                                                                                                                                                                        ;
; 10:1               ; 8 bits    ; 48 LEs        ; 32 LEs               ; 16 LEs                 ; Yes        ; |fpga_floatcalc_jtag|adder:add1|z[23]                                                                                                                                                                                                                                                                                                                                         ;
; 13:1               ; 6 bits    ; 48 LEs        ; 30 LEs               ; 18 LEs                 ; No         ; |fpga_floatcalc_jtag|adder:add1|state                                                                                                                                                                                                                                                                                                                                         ;
; 3:1                ; 3 bits    ; 6 LEs         ; 3 LEs                ; 3 LEs                  ; Yes        ; |fpga_floatcalc_jtag|sld_hub:auto_hub|alt_sld_fab_with_jtag_input:\instrumentation_fabric_with_node_gen:fabric_gen_new_way:with_jtag_input_gen:instrumentation_fabric|alt_sld_fab:instrumentation_fabric|alt_sld_fab_alt_sld_fab:alt_sld_fab|alt_sld_fab_alt_sld_fab_sldfabric:sldfabric|sld_jtag_hub:\jtag_hub_gen:real_sld_jtag_hub|irsr_reg[2]                             ;
; 3:1                ; 4 bits    ; 8 LEs         ; 4 LEs                ; 4 LEs                  ; Yes        ; |fpga_floatcalc_jtag|sld_hub:auto_hub|alt_sld_fab_with_jtag_input:\instrumentation_fabric_with_node_gen:fabric_gen_new_way:with_jtag_input_gen:instrumentation_fabric|alt_sld_fab:instrumentation_fabric|alt_sld_fab_alt_sld_fab:alt_sld_fab|alt_sld_fab_alt_sld_fab_sldfabric:sldfabric|sld_jtag_hub:\jtag_hub_gen:real_sld_jtag_hub|hub_minor_ver_reg[0]                    ;
; 4:1                ; 5 bits    ; 10 LEs        ; 5 LEs                ; 5 LEs                  ; Yes        ; |fpga_floatcalc_jtag|sld_hub:auto_hub|alt_sld_fab_with_jtag_input:\instrumentation_fabric_with_node_gen:fabric_gen_new_way:with_jtag_input_gen:instrumentation_fabric|alt_sld_fab:instrumentation_fabric|alt_sld_fab_alt_sld_fab:alt_sld_fab|alt_sld_fab_alt_sld_fab_sldfabric:sldfabric|sld_jtag_hub:\jtag_hub_gen:real_sld_jtag_hub|sld_rom_sr:hub_info_reg|word_counter[2] ;
; 4:1                ; 5 bits    ; 10 LEs        ; 5 LEs                ; 5 LEs                  ; Yes        ; |fpga_floatcalc_jtag|sld_hub:auto_hub|alt_sld_fab_with_jtag_input:\instrumentation_fabric_with_node_gen:fabric_gen_new_way:with_jtag_input_gen:instrumentation_fabric|alt_sld_fab:instrumentation_fabric|alt_sld_fab_alt_sld_fab:alt_sld_fab|alt_sld_fab_alt_sld_fab_sldfabric:sldfabric|sld_jtag_hub:\jtag_hub_gen:real_sld_jtag_hub|mixer_addr_reg_internal[4]              ;
; 34:1               ; 4 bits    ; 88 LEs        ; 64 LEs               ; 24 LEs                 ; Yes        ; |fpga_floatcalc_jtag|sld_hub:auto_hub|alt_sld_fab_with_jtag_input:\instrumentation_fabric_with_node_gen:fabric_gen_new_way:with_jtag_input_gen:instrumentation_fabric|alt_sld_fab:instrumentation_fabric|alt_sld_fab_alt_sld_fab:alt_sld_fab|alt_sld_fab_alt_sld_fab_sldfabric:sldfabric|sld_jtag_hub:\jtag_hub_gen:real_sld_jtag_hub|design_hash_reg[0]                      ;
; 20:1               ; 4 bits    ; 52 LEs        ; 32 LEs               ; 20 LEs                 ; Yes        ; |fpga_floatcalc_jtag|sld_hub:auto_hub|alt_sld_fab_with_jtag_input:\instrumentation_fabric_with_node_gen:fabric_gen_new_way:with_jtag_input_gen:instrumentation_fabric|alt_sld_fab:instrumentation_fabric|alt_sld_fab_alt_sld_fab:alt_sld_fab|alt_sld_fab_alt_sld_fab_sldfabric:sldfabric|sld_jtag_hub:\jtag_hub_gen:real_sld_jtag_hub|sld_rom_sr:hub_info_reg|WORD_SR[0]      ;
+--------------------+-----------+---------------+----------------------+------------------------+------------+-------------------------------------------------------------------------------------------------------------------------------------------------------------------------------------------------------------------------------------------------------------------------------------------------------------------------------------------------------------------------------+


+---------------------------------------------------------+
; Parameter Settings for User Entity Instance: adder:add1 ;
+----------------+-------+--------------------------------+
; Parameter Name ; Value ; Type                           ;
+----------------+-------+--------------------------------+
; get_a          ; 0000  ; Unsigned Binary                ;
; get_b          ; 0001  ; Unsigned Binary                ;
; unpack         ; 0010  ; Unsigned Binary                ;
; special_cases  ; 0011  ; Unsigned Binary                ;
; align          ; 0100  ; Unsigned Binary                ;
; add_0          ; 0101  ; Unsigned Binary                ;
; add_1          ; 0110  ; Unsigned Binary                ;
; normalise_1    ; 0111  ; Unsigned Binary                ;
; normalise_2    ; 1000  ; Unsigned Binary                ;
; round          ; 1001  ; Unsigned Binary                ;
; pack           ; 1010  ; Unsigned Binary                ;
; put_z          ; 1011  ; Unsigned Binary                ;
+----------------+-------+--------------------------------+
Note: In order to hide this table in the UI and the text report file, please set the "Show Parameter Settings in Synthesis Report" option in "Analysis and Synthesis Settings -> More Settings" to "Off".


+-------------------------------------------------------------------------------------------------------------+
; Parameter Settings for User Entity Instance: myjtag:myjtag_inst|sld_virtual_jtag:sld_virtual_jtag_component ;
+-------------------------+------------------+----------------------------------------------------------------+
; Parameter Name          ; Value            ; Type                                                           ;
+-------------------------+------------------+----------------------------------------------------------------+
; sld_auto_instance_index ; YES              ; String                                                         ;
; sld_instance_index      ; 0                ; Signed Integer                                                 ;
; sld_ir_width            ; 3                ; Signed Integer                                                 ;
; sld_sim_n_scan          ; 0                ; Signed Integer                                                 ;
; sld_sim_action          ;                  ; String                                                         ;
; sld_sim_total_length    ; 0                ; Signed Integer                                                 ;
; lpm_type                ; sld_virtual_jtag ; String                                                         ;
; lpm_hint                ; UNUSED           ; String                                                         ;
+-------------------------+------------------+----------------------------------------------------------------+
Note: In order to hide this table in the UI and the text report file, please set the "Show Parameter Settings in Synthesis Report" option in "Analysis and Synthesis Settings -> More Settings" to "Off".


+------------------------------------------------------------------------------------------------------------------------------+
; Port Connectivity Checks: "myjtag:myjtag_inst"                                                                               ;
+--------------------+--------+----------+-------------------------------------------------------------------------------------+
; Port               ; Type   ; Severity ; Details                                                                             ;
+--------------------+--------+----------+-------------------------------------------------------------------------------------+
; ir_out             ; Input  ; Info     ; Explicitly unconnected                                                              ;
; virtual_state_e1dr ; Output ; Info     ; Connected to dangling logic. Logic that only feeds a dangling port will be removed. ;
; virtual_state_e2dr ; Output ; Info     ; Connected to dangling logic. Logic that only feeds a dangling port will be removed. ;
; virtual_state_pdr  ; Output ; Info     ; Connected to dangling logic. Logic that only feeds a dangling port will be removed. ;
; virtual_state_uir  ; Output ; Info     ; Connected to dangling logic. Logic that only feeds a dangling port will be removed. ;
; virtual_state_cir  ; Output ; Info     ; Connected to dangling logic. Logic that only feeds a dangling port will be removed. ;
+--------------------+--------+----------+-------------------------------------------------------------------------------------+


+---------------------------------------------------------------------------------------------------------------------------+
; Port Connectivity Checks: "adder:add1"                                                                                    ;
+-----------------+--------+----------+-------------------------------------------------------------------------------------+
; Port            ; Type   ; Severity ; Details                                                                             ;
+-----------------+--------+----------+-------------------------------------------------------------------------------------+
; input_a[19..18] ; Input  ; Info     ; Stuck at VCC                                                                        ;
; input_a[15..14] ; Input  ; Info     ; Stuck at VCC                                                                        ;
; input_a[11..10] ; Input  ; Info     ; Stuck at VCC                                                                        ;
; input_a[7..6]   ; Input  ; Info     ; Stuck at VCC                                                                        ;
; input_a[3..2]   ; Input  ; Info     ; Stuck at VCC                                                                        ;
; input_a[29..23] ; Input  ; Info     ; Stuck at GND                                                                        ;
; input_a[21..20] ; Input  ; Info     ; Stuck at GND                                                                        ;
; input_a[17..16] ; Input  ; Info     ; Stuck at GND                                                                        ;
; input_a[13..12] ; Input  ; Info     ; Stuck at GND                                                                        ;
; input_a[9..8]   ; Input  ; Info     ; Stuck at GND                                                                        ;
; input_a[5..4]   ; Input  ; Info     ; Stuck at GND                                                                        ;
; input_a[31]     ; Input  ; Info     ; Stuck at GND                                                                        ;
; input_a[30]     ; Input  ; Info     ; Stuck at VCC                                                                        ;
; input_a[22]     ; Input  ; Info     ; Stuck at VCC                                                                        ;
; input_a[1]      ; Input  ; Info     ; Stuck at GND                                                                        ;
; input_a[0]      ; Input  ; Info     ; Stuck at VCC                                                                        ;
; input_a_stb     ; Input  ; Info     ; Stuck at VCC                                                                        ;
; input_b_stb     ; Input  ; Info     ; Stuck at VCC                                                                        ;
; output_z_stb    ; Output ; Info     ; Connected to dangling logic. Logic that only feeds a dangling port will be removed. ;
; input_a_ack     ; Output ; Info     ; Connected to dangling logic. Logic that only feeds a dangling port will be removed. ;
; input_b_ack     ; Output ; Info     ; Connected to dangling logic. Logic that only feeds a dangling port will be removed. ;
+-----------------+--------+----------+-------------------------------------------------------------------------------------+


+----------------------------------------------------------------------------------------------------------------------------------------------------------------------------------+
; Virtual JTAG Settings                                                                                                                                                            ;
+----------------+------------+------------------+----------+---------+-----------------+-------------------------+----------------------------------------------------------------+
; Instance Index ; Auto Index ; Index Reassigned ; IR Width ; Address ; USER1 DR length ; VIR capture instruction ; Hierarchy Location                                             ;
+----------------+------------+------------------+----------+---------+-----------------+-------------------------+----------------------------------------------------------------+
; 0              ; YES        ; N/A              ; 3        ; 0x10    ; 5               ; 0x0B                    ; myjtag:myjtag_inst|sld_virtual_jtag:sld_virtual_jtag_component ;
+----------------+------------+------------------+----------+---------+-----------------+-------------------------+----------------------------------------------------------------+


+-----------------------------------------------------+
; Post-Synthesis Netlist Statistics for Top Partition ;
+-----------------------+-----------------------------+
; Type                  ; Count                       ;
+-----------------------+-----------------------------+
; boundary_port         ; 36                          ;
; cycloneiii_ff         ; 347                         ;
;     ENA               ; 233                         ;
;     ENA SCLR          ; 1                           ;
;     ENA SLD           ; 89                          ;
;     SLD               ; 1                           ;
;     plain             ; 23                          ;
; cycloneiii_lcell_comb ; 611                         ;
;     arith             ; 213                         ;
;         2 data inputs ; 88                          ;
;         3 data inputs ; 125                         ;
;     normal            ; 398                         ;
;         0 data inputs ; 5                           ;
;         1 data inputs ; 9                           ;
;         2 data inputs ; 51                          ;
;         3 data inputs ; 134                         ;
;         4 data inputs ; 199                         ;
;                       ;                             ;
; Max LUT depth         ; 7.00                        ;
; Average LUT depth     ; 3.22                        ;
+-----------------------+-----------------------------+


+------------------------------------------------------------------+
; Post-Synthesis Netlist Statistics for Partition sld_hub:auto_hub ;
+-----------------------+------------------------------------------+
; Type                  ; Count                                    ;
+-----------------------+------------------------------------------+
; boundary_port         ; 92                                       ;
; cycloneiii_ff         ; 77                                       ;
;     CLR               ; 6                                        ;
;     ENA               ; 16                                       ;
;     ENA CLR           ; 19                                       ;
;     ENA SCLR          ; 5                                        ;
;     ENA SLD           ; 9                                        ;
;     SCLR              ; 7                                        ;
;     plain             ; 15                                       ;
; cycloneiii_lcell_comb ; 116                                      ;
;     arith             ; 8                                        ;
;         2 data inputs ; 8                                        ;
;     normal            ; 108                                      ;
;         0 data inputs ; 1                                        ;
;         1 data inputs ; 7                                        ;
;         2 data inputs ; 24                                       ;
;         3 data inputs ; 24                                       ;
;         4 data inputs ; 52                                       ;
;                       ;                                          ;
; Max LUT depth         ; 3.00                                     ;
; Average LUT depth     ; 1.80                                     ;
+-----------------------+------------------------------------------+


+---------------------------------+
; Elapsed Time Per Partition      ;
+------------------+--------------+
; Partition Name   ; Elapsed Time ;
+------------------+--------------+
; Top              ; 00:00:01     ;
; sld_hub:auto_hub ; 00:00:00     ;
+------------------+--------------+


+-------------------------------+
; Analysis & Synthesis Messages ;
+-------------------------------+
Info: *******************************************************************
Info: Running Quartus Prime Analysis & Synthesis
    Info: Version 15.1.0 Build 185 10/21/2015 SJ Lite Edition
    Info: Processing started: Mon May 23 15:48:56 2016
Info: Command: quartus_map --read_settings_files=on --write_settings_files=off fpga_floatcalc_jtag -c fpga_floatcalc_jtag
Warning (20028): Parallel compilation is not licensed and has been disabled
Info (12021): Found 1 design units, including 1 entities, in source file myjtag.v
    Info (12023): Found entity 1: myjtag File: C:/Users/Lunkferios/Desktop/Summer_Project/FPGA Projects/fpga_floatcalc_jtag/myjtag.v Line: 40
Info (12021): Found 1 design units, including 1 entities, in source file adder.v
    Info (12023): Found entity 1: adder File: C:/Users/Lunkferios/Desktop/Summer_Project/FPGA Projects/fpga_floatcalc_jtag/adder.v Line: 6
Warning (12125): Using design file fpga_floatcalc_jtag.v, which is not specified as a design file for the current project, but contains definitions for 1 design units and 1 entities in project
    Info (12023): Found entity 1: fpga_floatcalc_jtag File: C:/Users/Lunkferios/Desktop/Summer_Project/FPGA Projects/fpga_floatcalc_jtag/fpga_floatcalc_jtag.v Line: 6
Warning (10236): Verilog HDL Implicit Net warning at fpga_floatcalc_jtag.v(78): created implicit net for "e1dr" File: C:/Users/Lunkferios/Desktop/Summer_Project/FPGA Projects/fpga_floatcalc_jtag/fpga_floatcalc_jtag.v Line: 78
Info (12127): Elaborating entity "fpga_floatcalc_jtag" for the top level hierarchy
Info (10264): Verilog HDL Case Statement information at fpga_floatcalc_jtag.v(115): all case item expressions in this case statement are onehot File: C:/Users/Lunkferios/Desktop/Summer_Project/FPGA Projects/fpga_floatcalc_jtag/fpga_floatcalc_jtag.v Line: 115
Info (12128): Elaborating entity "adder" for hierarchy "adder:add1" File: C:/Users/Lunkferios/Desktop/Summer_Project/FPGA Projects/fpga_floatcalc_jtag/fpga_floatcalc_jtag.v Line: 69
Warning (10230): Verilog HDL assignment warning at adder.v(90): truncated value with size 32 to match size of target (10) File: C:/Users/Lunkferios/Desktop/Summer_Project/FPGA Projects/fpga_floatcalc_jtag/adder.v Line: 90
Warning (10230): Verilog HDL assignment warning at adder.v(91): truncated value with size 32 to match size of target (10) File: C:/Users/Lunkferios/Desktop/Summer_Project/FPGA Projects/fpga_floatcalc_jtag/adder.v Line: 91
Warning (10230): Verilog HDL assignment warning at adder.v(121): truncated value with size 32 to match size of target (8) File: C:/Users/Lunkferios/Desktop/Summer_Project/FPGA Projects/fpga_floatcalc_jtag/adder.v Line: 121
Warning (10230): Verilog HDL assignment warning at adder.v(122): truncated value with size 24 to match size of target (23) File: C:/Users/Lunkferios/Desktop/Summer_Project/FPGA Projects/fpga_floatcalc_jtag/adder.v Line: 122
Warning (10230): Verilog HDL assignment warning at adder.v(127): truncated value with size 32 to match size of target (8) File: C:/Users/Lunkferios/Desktop/Summer_Project/FPGA Projects/fpga_floatcalc_jtag/adder.v Line: 127
Warning (10230): Verilog HDL assignment warning at adder.v(128): truncated value with size 24 to match size of target (23) File: C:/Users/Lunkferios/Desktop/Summer_Project/FPGA Projects/fpga_floatcalc_jtag/adder.v Line: 128
Warning (10230): Verilog HDL assignment warning at adder.v(133): truncated value with size 32 to match size of target (8) File: C:/Users/Lunkferios/Desktop/Summer_Project/FPGA Projects/fpga_floatcalc_jtag/adder.v Line: 133
Warning (10230): Verilog HDL assignment warning at adder.v(134): truncated value with size 24 to match size of target (23) File: C:/Users/Lunkferios/Desktop/Summer_Project/FPGA Projects/fpga_floatcalc_jtag/adder.v Line: 134
Warning (10230): Verilog HDL assignment warning at adder.v(139): truncated value with size 32 to match size of target (10) File: C:/Users/Lunkferios/Desktop/Summer_Project/FPGA Projects/fpga_floatcalc_jtag/adder.v Line: 139
Warning (10230): Verilog HDL assignment warning at adder.v(145): truncated value with size 32 to match size of target (10) File: C:/Users/Lunkferios/Desktop/Summer_Project/FPGA Projects/fpga_floatcalc_jtag/adder.v Line: 145
Warning (10230): Verilog HDL assignment warning at adder.v(156): truncated value with size 32 to match size of target (10) File: C:/Users/Lunkferios/Desktop/Summer_Project/FPGA Projects/fpga_floatcalc_jtag/adder.v Line: 156
Warning (10230): Verilog HDL assignment warning at adder.v(160): truncated value with size 32 to match size of target (10) File: C:/Users/Lunkferios/Desktop/Summer_Project/FPGA Projects/fpga_floatcalc_jtag/adder.v Line: 160
Warning (10230): Verilog HDL assignment warning at adder.v(193): truncated value with size 32 to match size of target (10) File: C:/Users/Lunkferios/Desktop/Summer_Project/FPGA Projects/fpga_floatcalc_jtag/adder.v Line: 193
Warning (10230): Verilog HDL assignment warning at adder.v(206): truncated value with size 32 to match size of target (10) File: C:/Users/Lunkferios/Desktop/Summer_Project/FPGA Projects/fpga_floatcalc_jtag/adder.v Line: 206
Warning (10230): Verilog HDL assignment warning at adder.v(219): truncated value with size 32 to match size of target (10) File: C:/Users/Lunkferios/Desktop/Summer_Project/FPGA Projects/fpga_floatcalc_jtag/adder.v Line: 219
Warning (10230): Verilog HDL assignment warning at adder.v(232): truncated value with size 32 to match size of target (24) File: C:/Users/Lunkferios/Desktop/Summer_Project/FPGA Projects/fpga_floatcalc_jtag/adder.v Line: 232
Warning (10230): Verilog HDL assignment warning at adder.v(234): truncated value with size 32 to match size of target (10) File: C:/Users/Lunkferios/Desktop/Summer_Project/FPGA Projects/fpga_floatcalc_jtag/adder.v Line: 234
Warning (10230): Verilog HDL assignment warning at adder.v(243): truncated value with size 32 to match size of target (8) File: C:/Users/Lunkferios/Desktop/Summer_Project/FPGA Projects/fpga_floatcalc_jtag/adder.v Line: 243
Info (12128): Elaborating entity "myjtag" for hierarchy "myjtag:myjtag_inst" File: C:/Users/Lunkferios/Desktop/Summer_Project/FPGA Projects/fpga_floatcalc_jtag/fpga_floatcalc_jtag.v Line: 85
Info (12128): Elaborating entity "sld_virtual_jtag" for hierarchy "myjtag:myjtag_inst|sld_virtual_jtag:sld_virtual_jtag_component" File: C:/Users/Lunkferios/Desktop/Summer_Project/FPGA Projects/fpga_floatcalc_jtag/myjtag.v Line: 126
Info (12130): Elaborated megafunction instantiation "myjtag:myjtag_inst|sld_virtual_jtag:sld_virtual_jtag_component" File: C:/Users/Lunkferios/Desktop/Summer_Project/FPGA Projects/fpga_floatcalc_jtag/myjtag.v Line: 126
Info (12133): Instantiated megafunction "myjtag:myjtag_inst|sld_virtual_jtag:sld_virtual_jtag_component" with the following parameter: File: C:/Users/Lunkferios/Desktop/Summer_Project/FPGA Projects/fpga_floatcalc_jtag/myjtag.v Line: 126
    Info (12134): Parameter "sld_auto_instance_index" = "YES"
    Info (12134): Parameter "sld_instance_index" = "0"
    Info (12134): Parameter "sld_ir_width" = "3"
    Info (12134): Parameter "sld_sim_action" = ""
    Info (12134): Parameter "sld_sim_n_scan" = "0"
    Info (12134): Parameter "sld_sim_total_length" = "0"
Info (12128): Elaborating entity "sld_virtual_jtag_basic" for hierarchy "myjtag:myjtag_inst|sld_virtual_jtag:sld_virtual_jtag_component|sld_virtual_jtag_basic:sld_virtual_jtag_basic_inst" File: c:/altera_lite/15.1/quartus/libraries/megafunctions/sld_virtual_jtag.v Line: 152
Info (12131): Elaborated megafunction instantiation "myjtag:myjtag_inst|sld_virtual_jtag:sld_virtual_jtag_component|sld_virtual_jtag_basic:sld_virtual_jtag_basic_inst", which is child of megafunction instantiation "myjtag:myjtag_inst|sld_virtual_jtag:sld_virtual_jtag_component" File: c:/altera_lite/15.1/quartus/libraries/megafunctions/sld_virtual_jtag.v Line: 152
Info (12128): Elaborating entity "sld_virtual_jtag_impl" for hierarchy "myjtag:myjtag_inst|sld_virtual_jtag:sld_virtual_jtag_component|sld_virtual_jtag_basic:sld_virtual_jtag_basic_inst|sld_virtual_jtag_impl:sld_virtual_jtag_impl_inst" File: c:/altera_lite/15.1/quartus/libraries/megafunctions/sld_virtual_jtag_basic.v Line: 152
Info (12131): Elaborated megafunction instantiation "myjtag:myjtag_inst|sld_virtual_jtag:sld_virtual_jtag_component|sld_virtual_jtag_basic:sld_virtual_jtag_basic_inst|sld_virtual_jtag_impl:sld_virtual_jtag_impl_inst", which is child of megafunction instantiation "myjtag:myjtag_inst|sld_virtual_jtag:sld_virtual_jtag_component" File: c:/altera_lite/15.1/quartus/libraries/megafunctions/sld_virtual_jtag_basic.v Line: 152
Info (12128): Elaborating entity "sld_jtag_endpoint_adapter" for hierarchy "myjtag:myjtag_inst|sld_virtual_jtag:sld_virtual_jtag_component|sld_virtual_jtag_basic:sld_virtual_jtag_basic_inst|sld_virtual_jtag_impl:sld_virtual_jtag_impl_inst|sld_jtag_endpoint_adapter:jtag_signal_adapter" File: c:/altera_lite/15.1/quartus/libraries/megafunctions/sld_virtual_jtag_basic.v Line: 415
Info (12128): Elaborating entity "sld_jtag_endpoint_adapter_impl" for hierarchy "myjtag:myjtag_inst|sld_virtual_jtag:sld_virtual_jtag_component|sld_virtual_jtag_basic:sld_virtual_jtag_basic_inst|sld_virtual_jtag_impl:sld_virtual_jtag_impl_inst|sld_jtag_endpoint_adapter:jtag_signal_adapter|sld_jtag_endpoint_adapter_impl:sld_jtag_endpoint_adapter_impl_inst" File: c:/altera_lite/15.1/quartus/libraries/megafunctions/sld_jtag_endpoint_adapter.vhd Line: 228
Info (11170): Start IP generation for the debug fabric within sld_hub.
Info (11172): 2016.05.23.15:49:11 Progress: Loading sldf6f0dae7/alt_sld_fab_wrapper_hw.tcl
Info (11172): Alt_sld_fab.alt_sld_fab: SLD fabric agents which did not specify prefer_host were connected to JTAG
Info (11172): Alt_sld_fab: Generating alt_sld_fab "alt_sld_fab" for QUARTUS_SYNTH
Info (11172): Alt_sld_fab: "alt_sld_fab" instantiated alt_sld_fab "alt_sld_fab"
Info (11172): Presplit: "alt_sld_fab" instantiated altera_super_splitter "presplit"
Info (11172): Splitter: "alt_sld_fab" instantiated altera_sld_splitter "splitter"
Info (11172): Sldfabric: "alt_sld_fab" instantiated altera_sld_jtag_hub "sldfabric"
Info (11172): Ident: "alt_sld_fab" instantiated altera_connection_identification_hub "ident"
Info (11172): Alt_sld_fab: Done "alt_sld_fab" with 6 modules, 6 files
Info (11171): Finished IP generation for the debug fabric within sld_hub.
Info (12021): Found 1 design units, including 1 entities, in source file db/ip/sldf6f0dae7/alt_sld_fab.v
    Info (12023): Found entity 1: alt_sld_fab File: C:/Users/Lunkferios/Desktop/Summer_Project/FPGA Projects/fpga_floatcalc_jtag/db/ip/sldf6f0dae7/alt_sld_fab.v Line: 9
Info (12021): Found 1 design units, including 1 entities, in source file db/ip/sldf6f0dae7/submodules/alt_sld_fab_alt_sld_fab.v
    Info (12023): Found entity 1: alt_sld_fab_alt_sld_fab File: C:/Users/Lunkferios/Desktop/Summer_Project/FPGA Projects/fpga_floatcalc_jtag/db/ip/sldf6f0dae7/submodules/alt_sld_fab_alt_sld_fab.v Line: 9
Info (12021): Found 1 design units, including 1 entities, in source file db/ip/sldf6f0dae7/submodules/alt_sld_fab_alt_sld_fab_ident.sv
    Info (12023): Found entity 1: alt_sld_fab_alt_sld_fab_ident File: C:/Users/Lunkferios/Desktop/Summer_Project/FPGA Projects/fpga_floatcalc_jtag/db/ip/sldf6f0dae7/submodules/alt_sld_fab_alt_sld_fab_ident.sv Line: 33
Info (12021): Found 1 design units, including 1 entities, in source file db/ip/sldf6f0dae7/submodules/alt_sld_fab_alt_sld_fab_presplit.sv
    Info (12023): Found entity 1: alt_sld_fab_alt_sld_fab_presplit File: C:/Users/Lunkferios/Desktop/Summer_Project/FPGA Projects/fpga_floatcalc_jtag/db/ip/sldf6f0dae7/submodules/alt_sld_fab_alt_sld_fab_presplit.sv Line: 3
Info (12021): Found 2 design units, including 1 entities, in source file db/ip/sldf6f0dae7/submodules/alt_sld_fab_alt_sld_fab_sldfabric.vhd
    Info (12022): Found design unit 1: alt_sld_fab_alt_sld_fab_sldfabric-rtl File: C:/Users/Lunkferios/Desktop/Summer_Project/FPGA Projects/fpga_floatcalc_jtag/db/ip/sldf6f0dae7/submodules/alt_sld_fab_alt_sld_fab_sldfabric.vhd Line: 92
    Info (12023): Found entity 1: alt_sld_fab_alt_sld_fab_sldfabric File: C:/Users/Lunkferios/Desktop/Summer_Project/FPGA Projects/fpga_floatcalc_jtag/db/ip/sldf6f0dae7/submodules/alt_sld_fab_alt_sld_fab_sldfabric.vhd Line: 11
Info (12021): Found 1 design units, including 1 entities, in source file db/ip/sldf6f0dae7/submodules/alt_sld_fab_alt_sld_fab_splitter.sv
    Info (12023): Found entity 1: alt_sld_fab_alt_sld_fab_splitter File: C:/Users/Lunkferios/Desktop/Summer_Project/FPGA Projects/fpga_floatcalc_jtag/db/ip/sldf6f0dae7/submodules/alt_sld_fab_alt_sld_fab_splitter.sv Line: 3
Info (286031): Timing-Driven Synthesis is running on partition "Top"
Info (17049): 5 registers lost all their fanouts during netlist optimizations.
Info (13000): Registers with preset signals will power-up high File: c:/altera_lite/15.1/quartus/libraries/megafunctions/sld_jtag_hub.vhd Line: 256
Info (13003): DEV_CLRn pin will set, and not reset, register with preset signal due to NOT Gate Push-Back
Info (286031): Timing-Driven Synthesis is running on partition "sld_hub:auto_hub"
Info (16010): Generating hard_block partition "hard_block:auto_generated_inst"
    Info (16011): Adding 0 node(s), including 0 DDIO, 0 PLL, 0 transceiver and 0 LCELL
Warning (21074): Design contains 5 input pin(s) that do not drive logic
    Warning (15610): No output dependent on input pin "CLOCK2_50" File: C:/Users/Lunkferios/Desktop/Summer_Project/FPGA Projects/fpga_floatcalc_jtag/fpga_floatcalc_jtag.v Line: 28
    Warning (15610): No output dependent on input pin "CLOCK3_50" File: C:/Users/Lunkferios/Desktop/Summer_Project/FPGA Projects/fpga_floatcalc_jtag/fpga_floatcalc_jtag.v Line: 29
    Warning (15610): No output dependent on input pin "KEY[1]" File: C:/Users/Lunkferios/Desktop/Summer_Project/FPGA Projects/fpga_floatcalc_jtag/fpga_floatcalc_jtag.v Line: 32
    Warning (15610): No output dependent on input pin "KEY[2]" File: C:/Users/Lunkferios/Desktop/Summer_Project/FPGA Projects/fpga_floatcalc_jtag/fpga_floatcalc_jtag.v Line: 32
    Warning (15610): No output dependent on input pin "KEY[3]" File: C:/Users/Lunkferios/Desktop/Summer_Project/FPGA Projects/fpga_floatcalc_jtag/fpga_floatcalc_jtag.v Line: 32
Info (21057): Implemented 890 device resources after synthesis - the final resource count might be different
    Info (21058): Implemented 10 input pins
    Info (21059): Implemented 1 output pins
    Info (21061): Implemented 878 logic cells
Info: Quartus Prime Analysis & Synthesis was successful. 0 errors, 27 warnings
    Info: Peak virtual memory: 835 megabytes
    Info: Processing ended: Mon May 23 15:49:20 2016
    Info: Elapsed time: 00:00:24
    Info: Total CPU time (on all processors): 00:00:52


